2025-12-09 03:24:36,204 [INFO] === Iniciando extração CNJ Analytics ===
2025-12-09 03:24:36,205 [INFO] Log salvo em: extracao_cnj_20251209_032436.log
2025-12-09 03:24:36,205 [INFO] Iniciando extração (Headless: False)...
2025-12-09 03:24:36,208 [INFO] ====== WebDriver manager ======
2025-12-09 03:24:37,875 [INFO] Get LATEST chromedriver version for google-chrome
2025-12-09 03:24:37,879 [DEBUG] Starting new HTTPS connection (1): googlechromelabs.github.io:443
2025-12-09 03:24:38,258 [DEBUG] https://googlechromelabs.github.io:443 "GET /chrome-for-testing/latest-patch-versions-per-build.json HTTP/1.1" 200 14342
2025-12-09 03:24:38,281 [INFO] Get LATEST chromedriver version for google-chrome
2025-12-09 03:24:38,283 [DEBUG] Starting new HTTPS connection (1): googlechromelabs.github.io:443
2025-12-09 03:24:38,670 [DEBUG] https://googlechromelabs.github.io:443 "GET /chrome-for-testing/latest-patch-versions-per-build.json HTTP/1.1" 200 14342
2025-12-09 03:24:38,695 [INFO] Driver [C:\Users\avila\.wdm\drivers\chromedriver\win64\143.0.7499.40\chromedriver-win32/chromedriver.exe] found in cache
2025-12-09 03:24:38,696 [DEBUG] Skipping Selenium Manager; path to chrome driver specified in Service class: C:\Users\avila\.wdm\drivers\chromedriver\win64\143.0.7499.40\chromedriver-win32/chromedriver.exe
2025-12-09 03:24:38,703 [DEBUG] Started executable: `C:\Users\avila\.wdm\drivers\chromedriver\win64\143.0.7499.40\chromedriver-win32/chromedriver.exe` in a child process with pid: 16784 using 0 to output -3
2025-12-09 03:24:39,222 [DEBUG] POST http://localhost:59452/session {'capabilities': {'firstMatch': [{}], 'alwaysMatch': {'browserName': 'chrome', 'pageLoadStrategy': <PageLoadStrategy.normal: 'normal'>, 'goog:chromeOptions': {'excludeSwitches': ['enable-automation'], 'useAutomationExtension': False, 'prefs': {'download.default_directory': 'C:\\Users\\avila\\OneDrive\\Escritorio\\site CartoiosRJ\\downloads_cnj', 'download.prompt_for_download': False, 'download.directory_upgrade': True, 'safebrowsing.enabled': True}, 'extensions': [], 'args': ['--no-sandbox', '--disable-dev-shm-usage', '--window-size=2560,1440']}}}}
2025-12-09 03:24:39,224 [DEBUG] Starting new HTTP connection (1): localhost:59452
2025-12-09 03:24:40,020 [DEBUG] http://localhost:59452 "POST /session HTTP/1.1" 200 0
2025-12-09 03:24:40,020 [DEBUG] Remote response: status=200 | data={"value":{"capabilities":{"acceptInsecureCerts":false,"browserName":"chrome","browserVersion":"143.0.7499.41","chrome":{"chromedriverVersion":"143.0.7499.40 (c23ff452476d1b6322d73b9b629420ef119d0388-refs/branch-heads/7499@{#2388})","userDataDir":"C:\\Windows\\SystemTemp\\scoped_dir16784_1720365029"},"fedcm:accounts":true,"goog:chromeOptions":{"debuggerAddress":"localhost:59455"},"goog:processID":22608,"networkConnectionEnabled":false,"pageLoadStrategy":"normal","platformName":"windows","proxy":{},"setWindowRect":true,"strictFileInteractability":false,"timeouts":{"implicit":0,"pageLoad":300000,"script":30000},"unhandledPromptBehavior":"dismiss and notify","webauthn:extension:credBlob":true,"webauthn:extension:largeBlob":true,"webauthn:extension:minPinLength":true,"webauthn:extension:prf":true,"webauthn:virtualAuthenticators":true},"sessionId":"0a0402213b1dabb7aa12976a2cce1c4a"}} | headers=HTTPHeaderDict({'Content-Length': '890', 'Content-Type': 'application/json; charset=utf-8', 'cache-control': 'no-cache'})
2025-12-09 03:24:40,021 [DEBUG] Finished Request
2025-12-09 03:24:40,023 [DEBUG] POST http://localhost:59452/session/0a0402213b1dabb7aa12976a2cce1c4a/goog/cdp/execute {'cmd': 'Page.addScriptToEvaluateOnNewDocument', 'params': {'source': "\n            Object.defineProperty(navigator, 'webdriver', {\n                get: () => undefined\n  ..."}}
2025-12-09 03:24:40,035 [DEBUG] http://localhost:59452 "POST /session/0a0402213b1dabb7aa12976a2cce1c4a/goog/cdp/execute HTTP/1.1" 200 0
2025-12-09 03:24:40,037 [DEBUG] Remote response: status=200 | data={"value":{"identifier":"2"}} | headers=HTTPHeaderDict({'Content-Length': '28', 'Content-Type': 'application/json; charset=utf-8', 'cache-control': 'no-cache'})
2025-12-09 03:24:40,038 [DEBUG] Finished Request
2025-12-09 03:24:40,039 [DEBUG] POST http://localhost:59452/session/0a0402213b1dabb7aa12976a2cce1c4a/url {'url': 'https://paineisanalytics.cnj.jus.br/single/?appid=6ae52b4b-f6fb-4e06-8f8a-19c0656b1408&sheet=8413120...'}
2025-12-09 03:24:40,427 [DEBUG] http://localhost:59452 "POST /session/0a0402213b1dabb7aa12976a2cce1c4a/url HTTP/1.1" 200 0
2025-12-09 03:24:40,427 [DEBUG] Remote response: status=200 | data={"value":null} | headers=HTTPHeaderDict({'Content-Length': '14', 'Content-Type': 'application/json; charset=utf-8', 'cache-control': 'no-cache'})
2025-12-09 03:24:40,428 [DEBUG] Finished Request
2025-12-09 03:24:40,428 [INFO] Página carregada, aguardando renderização (45s)...
2025-12-09 03:25:25,429 [DEBUG] POST http://localhost:59452/session/0a0402213b1dabb7aa12976a2cce1c4a/element {'using': 'xpath', 'value': "//*[contains(text(), 'Exportar dados em .csv')]"}
2025-12-09 03:25:25,449 [DEBUG] http://localhost:59452 "POST /session/0a0402213b1dabb7aa12976a2cce1c4a/element HTTP/1.1" 200 0
2025-12-09 03:25:25,450 [DEBUG] Remote response: status=200 | data={"value":{"element-6066-11e4-a52e-4f735466cecf":"f.EA71D5DC3EB98685FD9502C5F1D0E21F.d.5A2FDCCBDBE1B0C1466600B3B5548AC4.e.24"}} | headers=HTTPHeaderDict({'Content-Length': '126', 'Content-Type': 'application/json; charset=utf-8', 'cache-control': 'no-cache'})
2025-12-09 03:25:25,450 [DEBUG] Finished Request
2025-12-09 03:25:25,451 [INFO] Botões de exportação detectados!
2025-12-09 03:25:25,451 [DEBUG] POST http://localhost:59452/session/0a0402213b1dabb7aa12976a2cce1c4a/execute/sync {'script': 'window.scrollTo(0, document.body.scrollHeight);', 'args': []}
2025-12-09 03:25:25,459 [DEBUG] http://localhost:59452 "POST /session/0a0402213b1dabb7aa12976a2cce1c4a/execute/sync HTTP/1.1" 200 0
2025-12-09 03:25:25,460 [DEBUG] Remote response: status=200 | data={"value":null} | headers=HTTPHeaderDict({'Content-Length': '14', 'Content-Type': 'application/json; charset=utf-8', 'cache-control': 'no-cache'})
2025-12-09 03:25:25,460 [DEBUG] Finished Request
2025-12-09 03:25:30,461 [INFO] 
--- Processando Tabela 1: SERVENTIAS ---
2025-12-09 03:25:30,461 [INFO] Tentativa 1/3 para serventias
2025-12-09 03:25:30,462 [DEBUG] POST http://localhost:59452/session/0a0402213b1dabb7aa12976a2cce1c4a/element {'using': 'xpath', 'value': "//*[contains(text(), 'Serventia') or contains(text(), 'CNS')]"}
2025-12-09 03:25:30,484 [DEBUG] http://localhost:59452 "POST /session/0a0402213b1dabb7aa12976a2cce1c4a/element HTTP/1.1" 200 0
2025-12-09 03:25:30,485 [DEBUG] Remote response: status=200 | data={"value":{"element-6066-11e4-a52e-4f735466cecf":"f.EA71D5DC3EB98685FD9502C5F1D0E21F.d.5A2FDCCBDBE1B0C1466600B3B5548AC4.e.25"}} | headers=HTTPHeaderDict({'Content-Length': '126', 'Content-Type': 'application/json; charset=utf-8', 'cache-control': 'no-cache'})
2025-12-09 03:25:30,485 [DEBUG] Finished Request
2025-12-09 03:25:30,485 [DEBUG] POST http://localhost:59452/session/0a0402213b1dabb7aa12976a2cce1c4a/execute/sync {'script': "arguments[0].scrollIntoView({behavior: 'smooth', block: 'center'});", 'args': [{'element-6066-11e4-a52e-4f735466cecf': 'f.EA71D5DC3EB98685FD9502C5F1D0E21F.d.5A2FDCCBDBE1B0C1466600B3B5548AC4.e.25'}]}
2025-12-09 03:25:30,494 [DEBUG] http://localhost:59452 "POST /session/0a0402213b1dabb7aa12976a2cce1c4a/execute/sync HTTP/1.1" 200 0
2025-12-09 03:25:30,494 [DEBUG] Remote response: status=200 | data={"value":null} | headers=HTTPHeaderDict({'Content-Length': '14', 'Content-Type': 'application/json; charset=utf-8', 'cache-control': 'no-cache'})
2025-12-09 03:25:30,494 [DEBUG] Finished Request
2025-12-09 03:25:31,495 [DEBUG] POST http://localhost:59452/session/0a0402213b1dabb7aa12976a2cce1c4a/element/f.EA71D5DC3EB98685FD9502C5F1D0E21F.d.5A2FDCCBDBE1B0C1466600B3B5548AC4.e.25/click {}
2025-12-09 03:25:31,638 [DEBUG] http://localhost:59452 "POST /session/0a0402213b1dabb7aa12976a2cce1c4a/element/f.EA71D5DC3EB98685FD9502C5F1D0E21F.d.5A2FDCCBDBE1B0C1466600B3B5548AC4.e.25/click HTTP/1.1" 200 0
2025-12-09 03:25:31,639 [DEBUG] Remote response: status=200 | data={"value":null} | headers=HTTPHeaderDict({'Content-Length': '14', 'Content-Type': 'application/json; charset=utf-8', 'cache-control': 'no-cache'})
2025-12-09 03:25:31,639 [DEBUG] Finished Request
2025-12-09 03:25:33,640 [DEBUG] POST http://localhost:59452/session/0a0402213b1dabb7aa12976a2cce1c4a/actions {'actions': [{'type': 'pointer', 'parameters': {'pointerType': 'mouse'}, 'id': 'mouse', 'actions': [{'type': 'pause', 'duration': 0}, {'type': 'pause', 'duration': 0}]}, {'type': 'key', 'id': 'key', 'actions': [{'type': 'keyDown', 'value': '\ue00c'}, {'type': 'keyUp', 'value': '\ue00c'}]}]}
2025-12-09 03:25:33,658 [DEBUG] http://localhost:59452 "POST /session/0a0402213b1dabb7aa12976a2cce1c4a/actions HTTP/1.1" 200 0
2025-12-09 03:25:33,659 [DEBUG] Remote response: status=200 | data={"value":null} | headers=HTTPHeaderDict({'Content-Length': '14', 'Content-Type': 'application/json; charset=utf-8', 'cache-control': 'no-cache'})
2025-12-09 03:25:33,659 [DEBUG] Finished Request
2025-12-09 03:25:34,660 [DEBUG] POST http://localhost:59452/session/0a0402213b1dabb7aa12976a2cce1c4a/elements {'using': 'xpath', 'value': "//*[contains(text(), 'Exportar dados em .csv')]"}
2025-12-09 03:25:34,692 [DEBUG] http://localhost:59452 "POST /session/0a0402213b1dabb7aa12976a2cce1c4a/elements HTTP/1.1" 200 0
2025-12-09 03:25:34,693 [DEBUG] Remote response: status=200 | data={"value":[{"element-6066-11e4-a52e-4f735466cecf":"f.EA71D5DC3EB98685FD9502C5F1D0E21F.d.5A2FDCCBDBE1B0C1466600B3B5548AC4.e.24"},{"element-6066-11e4-a52e-4f735466cecf":"f.EA71D5DC3EB98685FD9502C5F1D0E21F.d.5A2FDCCBDBE1B0C1466600B3B5548AC4.e.27"}]} | headers=HTTPHeaderDict({'Content-Length': '245', 'Content-Type': 'application/json; charset=utf-8', 'cache-control': 'no-cache'})
2025-12-09 03:25:34,693 [DEBUG] Finished Request
2025-12-09 03:25:34,693 [DEBUG] GET http://localhost:59452/session/0a0402213b1dabb7aa12976a2cce1c4a/element/f.EA71D5DC3EB98685FD9502C5F1D0E21F.d.5A2FDCCBDBE1B0C1466600B3B5548AC4.e.24/rect {}
2025-12-09 03:25:34,707 [DEBUG] http://localhost:59452 "GET /session/0a0402213b1dabb7aa12976a2cce1c4a/element/f.EA71D5DC3EB98685FD9502C5F1D0E21F.d.5A2FDCCBDBE1B0C1466600B3B5548AC4.e.24/rect HTTP/1.1" 200 0
2025-12-09 03:25:34,707 [DEBUG] Remote response: status=200 | data={"value":{"height":18,"width":142,"x":2359.875,"y":2890.375}} | headers=HTTPHeaderDict({'Content-Length': '61', 'Content-Type': 'application/json; charset=utf-8', 'cache-control': 'no-cache'})
2025-12-09 03:25:34,708 [DEBUG] Finished Request
2025-12-09 03:25:34,708 [DEBUG] GET http://localhost:59452/session/0a0402213b1dabb7aa12976a2cce1c4a/element/f.EA71D5DC3EB98685FD9502C5F1D0E21F.d.5A2FDCCBDBE1B0C1466600B3B5548AC4.e.27/rect {}
2025-12-09 03:25:34,719 [DEBUG] http://localhost:59452 "GET /session/0a0402213b1dabb7aa12976a2cce1c4a/element/f.EA71D5DC3EB98685FD9502C5F1D0E21F.d.5A2FDCCBDBE1B0C1466600B3B5548AC4.e.27/rect HTTP/1.1" 200 0
2025-12-09 03:25:34,719 [DEBUG] Remote response: status=200 | data={"value":{"height":18,"width":142,"x":2359.875,"y":2150.125}} | headers=HTTPHeaderDict({'Content-Length': '61', 'Content-Type': 'application/json; charset=utf-8', 'cache-control': 'no-cache'})
2025-12-09 03:25:34,719 [DEBUG] Finished Request
2025-12-09 03:25:34,720 [DEBUG] GET http://localhost:59452/session/0a0402213b1dabb7aa12976a2cce1c4a/element/f.EA71D5DC3EB98685FD9502C5F1D0E21F.d.5A2FDCCBDBE1B0C1466600B3B5548AC4.e.27/rect {}
2025-12-09 03:25:34,729 [DEBUG] http://localhost:59452 "GET /session/0a0402213b1dabb7aa12976a2cce1c4a/element/f.EA71D5DC3EB98685FD9502C5F1D0E21F.d.5A2FDCCBDBE1B0C1466600B3B5548AC4.e.27/rect HTTP/1.1" 200 0
2025-12-09 03:25:34,730 [DEBUG] Remote response: status=200 | data={"value":{"height":18,"width":142,"x":2359.875,"y":2150.125}} | headers=HTTPHeaderDict({'Content-Length': '61', 'Content-Type': 'application/json; charset=utf-8', 'cache-control': 'no-cache'})
2025-12-09 03:25:34,730 [DEBUG] Finished Request
2025-12-09 03:25:34,730 [INFO] Clicando no botão (Y=2150)...
2025-12-09 03:25:34,730 [DEBUG] POST http://localhost:59452/session/0a0402213b1dabb7aa12976a2cce1c4a/execute/sync {'script': "arguments[0].scrollIntoView({behavior: 'smooth', block: 'center'});", 'args': [{'element-6066-11e4-a52e-4f735466cecf': 'f.EA71D5DC3EB98685FD9502C5F1D0E21F.d.5A2FDCCBDBE1B0C1466600B3B5548AC4.e.27'}]}
2025-12-09 03:25:34,738 [DEBUG] http://localhost:59452 "POST /session/0a0402213b1dabb7aa12976a2cce1c4a/execute/sync HTTP/1.1" 200 0
2025-12-09 03:25:34,738 [DEBUG] Remote response: status=200 | data={"value":null} | headers=HTTPHeaderDict({'Content-Length': '14', 'Content-Type': 'application/json; charset=utf-8', 'cache-control': 'no-cache'})
2025-12-09 03:25:34,739 [DEBUG] Finished Request
2025-12-09 03:25:35,739 [DEBUG] POST http://localhost:59452/session/0a0402213b1dabb7aa12976a2cce1c4a/execute/sync {'script': 'arguments[0].click();', 'args': [{'element-6066-11e4-a52e-4f735466cecf': 'f.EA71D5DC3EB98685FD9502C5F1D0E21F.d.5A2FDCCBDBE1B0C1466600B3B5548AC4.e.27'}]}
2025-12-09 03:25:35,749 [DEBUG] http://localhost:59452 "POST /session/0a0402213b1dabb7aa12976a2cce1c4a/execute/sync HTTP/1.1" 200 0
2025-12-09 03:25:35,750 [DEBUG] Remote response: status=200 | data={"value":null} | headers=HTTPHeaderDict({'Content-Length': '14', 'Content-Type': 'application/json; charset=utf-8', 'cache-control': 'no-cache'})
2025-12-09 03:25:35,750 [DEBUG] Finished Request
2025-12-09 03:25:35,750 [INFO] Aguardando download (timeout=180s)...
2025-12-09 03:25:35,751 [DEBUG]   ... 0s aguardando...
2025-12-09 03:25:40,754 [DEBUG]   ... 5s aguardando...
2025-12-09 03:25:45,758 [DEBUG]   ... 10s aguardando...
2025-12-09 03:25:50,763 [DEBUG]   ... 15s aguardando...
2025-12-09 03:25:55,768 [DEBUG]   ... 20s aguardando...
2025-12-09 03:26:00,772 [DEBUG]   ... 25s aguardando...
2025-12-09 03:26:05,777 [DEBUG]   ... 30s aguardando...
2025-12-09 03:26:10,782 [DEBUG]   ... 35s aguardando...
2025-12-09 03:26:15,786 [DEBUG]   ... 40s aguardando...
2025-12-09 03:26:20,791 [DEBUG]   ... 45s aguardando...
2025-12-09 03:26:25,795 [DEBUG]   ... 50s aguardando...
2025-12-09 03:26:30,800 [DEBUG]   ... 55s aguardando...
2025-12-09 03:26:35,805 [DEBUG]   ... 60s aguardando...
2025-12-09 03:26:40,821 [DEBUG]   ... 65s aguardando...
2025-12-09 03:26:45,826 [DEBUG]   ... 70s aguardando...
2025-12-09 03:26:50,832 [DEBUG]   ... 75s aguardando...
2025-12-09 03:26:55,837 [DEBUG]   ... 80s aguardando...
2025-12-09 03:27:00,842 [DEBUG]   ... 85s aguardando...
2025-12-09 03:27:05,847 [DEBUG]   ... 90s aguardando...
2025-12-09 03:27:10,852 [DEBUG]   ... 95s aguardando...
2025-12-09 03:27:15,873 [DEBUG]   ... 100s aguardando...
2025-12-09 03:27:20,877 [DEBUG]   ... 105s aguardando...
2025-12-09 03:27:25,884 [DEBUG]   ... 110s aguardando...
2025-12-09 03:27:30,889 [DEBUG]   ... 115s aguardando...
2025-12-09 03:27:35,897 [DEBUG]   ... 120s aguardando...
2025-12-09 03:27:40,903 [DEBUG]   ... 125s aguardando...
2025-12-09 03:27:45,907 [DEBUG]   ... 130s aguardando...
2025-12-09 03:27:50,913 [DEBUG]   ... 135s aguardando...
2025-12-09 03:27:55,920 [DEBUG]   ... 140s aguardando...
2025-12-09 03:28:00,924 [DEBUG]   ... 145s aguardando...
2025-12-09 03:28:05,929 [DEBUG]   ... 150s aguardando...
2025-12-09 03:28:10,934 [DEBUG]   ... 155s aguardando...
2025-12-09 03:28:15,939 [DEBUG]   ... 160s aguardando...
2025-12-09 03:28:20,943 [DEBUG]   ... 165s aguardando...
2025-12-09 03:28:25,948 [DEBUG]   ... 170s aguardando...
2025-12-09 03:28:30,963 [DEBUG]   ... 175s aguardando...
2025-12-09 03:28:35,969 [WARNING] Timeout no download de serventias. Tentando novamente...
2025-12-09 03:28:35,970 [INFO] Tentativa 2/3 para serventias
2025-12-09 03:28:35,970 [DEBUG] POST http://localhost:59452/session/0a0402213b1dabb7aa12976a2cce1c4a/element {'using': 'xpath', 'value': "//*[contains(text(), 'Serventia') or contains(text(), 'CNS')]"}
2025-12-09 03:28:35,991 [DEBUG] http://localhost:59452 "POST /session/0a0402213b1dabb7aa12976a2cce1c4a/element HTTP/1.1" 200 0
2025-12-09 03:28:35,991 [DEBUG] Remote response: status=200 | data={"value":{"element-6066-11e4-a52e-4f735466cecf":"f.EA71D5DC3EB98685FD9502C5F1D0E21F.d.5A2FDCCBDBE1B0C1466600B3B5548AC4.e.25"}} | headers=HTTPHeaderDict({'Content-Length': '126', 'Content-Type': 'application/json; charset=utf-8', 'cache-control': 'no-cache'})
2025-12-09 03:28:35,992 [DEBUG] Finished Request
2025-12-09 03:28:35,992 [DEBUG] POST http://localhost:59452/session/0a0402213b1dabb7aa12976a2cce1c4a/execute/sync {'script': "arguments[0].scrollIntoView({behavior: 'smooth', block: 'center'});", 'args': [{'element-6066-11e4-a52e-4f735466cecf': 'f.EA71D5DC3EB98685FD9502C5F1D0E21F.d.5A2FDCCBDBE1B0C1466600B3B5548AC4.e.25'}]}
2025-12-09 03:28:36,004 [DEBUG] http://localhost:59452 "POST /session/0a0402213b1dabb7aa12976a2cce1c4a/execute/sync HTTP/1.1" 200 0
2025-12-09 03:28:36,004 [DEBUG] Remote response: status=200 | data={"value":null} | headers=HTTPHeaderDict({'Content-Length': '14', 'Content-Type': 'application/json; charset=utf-8', 'cache-control': 'no-cache'})
2025-12-09 03:28:36,004 [DEBUG] Finished Request
2025-12-09 03:28:37,005 [DEBUG] POST http://localhost:59452/session/0a0402213b1dabb7aa12976a2cce1c4a/element/f.EA71D5DC3EB98685FD9502C5F1D0E21F.d.5A2FDCCBDBE1B0C1466600B3B5548AC4.e.25/click {}
2025-12-09 03:28:38,111 [DEBUG] http://localhost:59452 "POST /session/0a0402213b1dabb7aa12976a2cce1c4a/element/f.EA71D5DC3EB98685FD9502C5F1D0E21F.d.5A2FDCCBDBE1B0C1466600B3B5548AC4.e.25/click HTTP/1.1" 400 0
2025-12-09 03:28:38,111 [DEBUG] Remote response: status=400 | data={"value":{"error":"element click intercepted","message":"element click intercepted: Element \u003Cspan style=\"white-space: nowrap; text-overflow: ellipsis;\">...\u003C/span> is not clickable at point (1266, 117). Other element would receive the click: \u003Cdiv class=\"lui-modal-background ng-scope\" ng-class=\"{ 'lui-fade': fade }\">\u003C/div>\n  (Session info: chrome=143.0.7499.41)","stacktrace":"Symbols not available. Dumping unresolved backtrace:\n\t0xa20d23\n\t0xa20d64\n\t0x80e6dd\n\t0x85f8ef\n\t0x85dbdc\n\t0x85b6c2\n\t0x85a945\n\t0x84f1c8\n\t0x87b4ec\n\t0x84ec34\n\t0x87b6a4\n\t0x89db13\n\t0x87b2e6\n\t0x84d321\n\t0x84e1d4\n\t0xc74d64\n\t0xc7031b\n\t0xc8cbfa\n\t0xa3ac28\n\t0xa42c2d\n\t0xa29028\n\t0xa291e9\n\t0xa13578\n\t0x76625d49\n\t0x7750d6db\n\t0x7750d661\n"}} | headers=HTTPHeaderDict({'Content-Length': '779', 'Content-Type': 'application/json; charset=utf-8', 'cache-control': 'no-cache'})
2025-12-09 03:28:38,112 [DEBUG] Finished Request
2025-12-09 03:28:38,112 [WARNING] Falha no foco de serventias: Message: element click intercepted: Element <span style="white-space: nowrap; text-overflow: ellipsis;">...</span> is not clickable at point (1266, 117). Other element would receive the click: <div class="lui-modal-background ng-scope" ng-class="{ 'lui-fade': fade }"></div>
  (Session info: chrome=143.0.7499.41); For documentation on this error, please visit: https://www.selenium.dev/documentation/webdriver/troubleshooting/errors#elementclickinterceptedexception
Stacktrace:
Symbols not available. Dumping unresolved backtrace:
	0xa20d23
	0xa20d64
	0x80e6dd
	0x85f8ef
	0x85dbdc
	0x85b6c2
	0x85a945
	0x84f1c8
	0x87b4ec
	0x84ec34
	0x87b6a4
	0x89db13
	0x87b2e6
	0x84d321
	0x84e1d4
	0xc74d64
	0xc7031b
	0xc8cbfa
	0xa3ac28
	0xa42c2d
	0xa29028
	0xa291e9
	0xa13578
	0x76625d49
	0x7750d6db
	0x7750d661

2025-12-09 03:28:38,114 [DEBUG] POST http://localhost:59452/session/0a0402213b1dabb7aa12976a2cce1c4a/elements {'using': 'xpath', 'value': "//*[contains(text(), 'Exportar dados em .csv')]"}
2025-12-09 03:28:38,128 [DEBUG] http://localhost:59452 "POST /session/0a0402213b1dabb7aa12976a2cce1c4a/elements HTTP/1.1" 200 0
2025-12-09 03:28:38,128 [DEBUG] Remote response: status=200 | data={"value":[{"element-6066-11e4-a52e-4f735466cecf":"f.EA71D5DC3EB98685FD9502C5F1D0E21F.d.5A2FDCCBDBE1B0C1466600B3B5548AC4.e.24"},{"element-6066-11e4-a52e-4f735466cecf":"f.EA71D5DC3EB98685FD9502C5F1D0E21F.d.5A2FDCCBDBE1B0C1466600B3B5548AC4.e.27"}]} | headers=HTTPHeaderDict({'Content-Length': '245', 'Content-Type': 'application/json; charset=utf-8', 'cache-control': 'no-cache'})
2025-12-09 03:28:38,128 [DEBUG] Finished Request
2025-12-09 03:28:38,129 [DEBUG] GET http://localhost:59452/session/0a0402213b1dabb7aa12976a2cce1c4a/element/f.EA71D5DC3EB98685FD9502C5F1D0E21F.d.5A2FDCCBDBE1B0C1466600B3B5548AC4.e.24/rect {}
2025-12-09 03:28:38,142 [DEBUG] http://localhost:59452 "GET /session/0a0402213b1dabb7aa12976a2cce1c4a/element/f.EA71D5DC3EB98685FD9502C5F1D0E21F.d.5A2FDCCBDBE1B0C1466600B3B5548AC4.e.24/rect HTTP/1.1" 200 0
2025-12-09 03:28:38,142 [DEBUG] Remote response: status=200 | data={"value":{"height":18,"width":142,"x":2359.875,"y":2890.375}} | headers=HTTPHeaderDict({'Content-Length': '61', 'Content-Type': 'application/json; charset=utf-8', 'cache-control': 'no-cache'})
2025-12-09 03:28:38,142 [DEBUG] Finished Request
2025-12-09 03:28:38,143 [DEBUG] GET http://localhost:59452/session/0a0402213b1dabb7aa12976a2cce1c4a/element/f.EA71D5DC3EB98685FD9502C5F1D0E21F.d.5A2FDCCBDBE1B0C1466600B3B5548AC4.e.27/rect {}
2025-12-09 03:28:38,154 [DEBUG] http://localhost:59452 "GET /session/0a0402213b1dabb7aa12976a2cce1c4a/element/f.EA71D5DC3EB98685FD9502C5F1D0E21F.d.5A2FDCCBDBE1B0C1466600B3B5548AC4.e.27/rect HTTP/1.1" 200 0
2025-12-09 03:28:38,155 [DEBUG] Remote response: status=200 | data={"value":{"height":18,"width":142,"x":2359.875,"y":2150.125}} | headers=HTTPHeaderDict({'Content-Length': '61', 'Content-Type': 'application/json; charset=utf-8', 'cache-control': 'no-cache'})
2025-12-09 03:28:38,155 [DEBUG] Finished Request
2025-12-09 03:28:38,155 [DEBUG] GET http://localhost:59452/session/0a0402213b1dabb7aa12976a2cce1c4a/element/f.EA71D5DC3EB98685FD9502C5F1D0E21F.d.5A2FDCCBDBE1B0C1466600B3B5548AC4.e.27/rect {}
2025-12-09 03:28:38,167 [DEBUG] http://localhost:59452 "GET /session/0a0402213b1dabb7aa12976a2cce1c4a/element/f.EA71D5DC3EB98685FD9502C5F1D0E21F.d.5A2FDCCBDBE1B0C1466600B3B5548AC4.e.27/rect HTTP/1.1" 200 0
2025-12-09 03:28:38,168 [DEBUG] Remote response: status=200 | data={"value":{"height":18,"width":142,"x":2359.875,"y":2150.125}} | headers=HTTPHeaderDict({'Content-Length': '61', 'Content-Type': 'application/json; charset=utf-8', 'cache-control': 'no-cache'})
2025-12-09 03:28:38,168 [DEBUG] Finished Request
2025-12-09 03:28:38,168 [INFO] Clicando no botão (Y=2150)...
2025-12-09 03:28:38,169 [DEBUG] POST http://localhost:59452/session/0a0402213b1dabb7aa12976a2cce1c4a/execute/sync {'script': "arguments[0].scrollIntoView({behavior: 'smooth', block: 'center'});", 'args': [{'element-6066-11e4-a52e-4f735466cecf': 'f.EA71D5DC3EB98685FD9502C5F1D0E21F.d.5A2FDCCBDBE1B0C1466600B3B5548AC4.e.27'}]}
2025-12-09 03:28:38,177 [DEBUG] http://localhost:59452 "POST /session/0a0402213b1dabb7aa12976a2cce1c4a/execute/sync HTTP/1.1" 200 0
2025-12-09 03:28:38,177 [DEBUG] Remote response: status=200 | data={"value":null} | headers=HTTPHeaderDict({'Content-Length': '14', 'Content-Type': 'application/json; charset=utf-8', 'cache-control': 'no-cache'})
2025-12-09 03:28:38,178 [DEBUG] Finished Request
2025-12-09 03:28:39,178 [DEBUG] POST http://localhost:59452/session/0a0402213b1dabb7aa12976a2cce1c4a/execute/sync {'script': 'arguments[0].click();', 'args': [{'element-6066-11e4-a52e-4f735466cecf': 'f.EA71D5DC3EB98685FD9502C5F1D0E21F.d.5A2FDCCBDBE1B0C1466600B3B5548AC4.e.27'}]}
2025-12-09 03:28:39,190 [DEBUG] http://localhost:59452 "POST /session/0a0402213b1dabb7aa12976a2cce1c4a/execute/sync HTTP/1.1" 200 0
2025-12-09 03:28:39,191 [DEBUG] Remote response: status=200 | data={"value":null} | headers=HTTPHeaderDict({'Content-Length': '14', 'Content-Type': 'application/json; charset=utf-8', 'cache-control': 'no-cache'})
2025-12-09 03:28:39,191 [DEBUG] Finished Request
2025-12-09 03:28:39,191 [INFO] Aguardando download (timeout=180s)...
2025-12-09 03:28:39,192 [DEBUG]   ... 0s aguardando...
2025-12-09 03:28:44,198 [DEBUG]   ... 5s aguardando...
2025-12-09 03:28:49,202 [DEBUG]   ... 10s aguardando...
2025-12-09 03:28:54,207 [DEBUG]   ... 15s aguardando...
2025-12-09 03:28:59,212 [DEBUG]   ... 20s aguardando...
2025-12-09 03:29:04,226 [DEBUG]   ... 25s aguardando...
2025-12-09 03:29:09,240 [DEBUG]   ... 30s aguardando...
2025-12-09 03:29:14,275 [DEBUG]   ... 35s aguardando...
2025-12-09 03:29:19,279 [DEBUG]   ... 40s aguardando...
2025-12-09 03:29:24,284 [DEBUG]   ... 45s aguardando...
2025-12-09 03:29:29,299 [DEBUG]   ... 50s aguardando...
2025-12-09 03:29:34,313 [DEBUG]   ... 55s aguardando...
2025-12-09 03:29:39,318 [DEBUG]   ... 60s aguardando...
2025-12-09 03:29:44,325 [DEBUG]   ... 65s aguardando...
2025-12-09 03:29:49,330 [DEBUG]   ... 70s aguardando...
2025-12-09 03:29:54,334 [DEBUG]   ... 75s aguardando...
2025-12-09 03:29:59,338 [DEBUG]   ... 80s aguardando...
2025-12-09 03:30:04,343 [DEBUG]   ... 85s aguardando...
2025-12-09 03:30:09,347 [DEBUG]   ... 90s aguardando...
2025-12-09 03:30:14,351 [DEBUG]   ... 95s aguardando...
2025-12-09 03:30:19,356 [DEBUG]   ... 100s aguardando...
2025-12-09 03:30:24,359 [DEBUG]   ... 105s aguardando...
2025-12-09 03:30:29,364 [DEBUG]   ... 110s aguardando...
2025-12-09 03:30:34,368 [DEBUG]   ... 115s aguardando...
2025-12-09 03:30:39,373 [DEBUG]   ... 120s aguardando...
2025-12-09 03:30:44,377 [DEBUG]   ... 125s aguardando...
2025-12-09 03:30:49,382 [DEBUG]   ... 130s aguardando...
2025-12-09 03:30:54,386 [DEBUG]   ... 135s aguardando...
2025-12-09 03:30:59,392 [DEBUG]   ... 140s aguardando...
2025-12-09 03:31:04,396 [DEBUG]   ... 145s aguardando...
2025-12-09 03:31:09,400 [DEBUG]   ... 150s aguardando...
2025-12-09 03:31:14,404 [DEBUG]   ... 155s aguardando...
2025-12-09 03:31:19,408 [DEBUG]   ... 160s aguardando...
2025-12-09 03:31:24,412 [DEBUG]   ... 165s aguardando...
2025-12-09 03:31:29,430 [DEBUG]   ... 170s aguardando...
2025-12-09 03:31:34,437 [DEBUG]   ... 175s aguardando...
2025-12-09 03:31:39,441 [WARNING] Timeout no download de serventias. Tentando novamente...
2025-12-09 03:31:39,441 [INFO] Tentativa 3/3 para serventias
2025-12-09 03:31:39,442 [DEBUG] POST http://localhost:59452/session/0a0402213b1dabb7aa12976a2cce1c4a/element {'using': 'xpath', 'value': "//*[contains(text(), 'Serventia') or contains(text(), 'CNS')]"}
2025-12-09 03:31:39,462 [DEBUG] http://localhost:59452 "POST /session/0a0402213b1dabb7aa12976a2cce1c4a/element HTTP/1.1" 200 0
2025-12-09 03:31:39,462 [DEBUG] Remote response: status=200 | data={"value":{"element-6066-11e4-a52e-4f735466cecf":"f.EA71D5DC3EB98685FD9502C5F1D0E21F.d.5A2FDCCBDBE1B0C1466600B3B5548AC4.e.25"}} | headers=HTTPHeaderDict({'Content-Length': '126', 'Content-Type': 'application/json; charset=utf-8', 'cache-control': 'no-cache'})
2025-12-09 03:31:39,463 [DEBUG] Finished Request
2025-12-09 03:31:39,463 [DEBUG] POST http://localhost:59452/session/0a0402213b1dabb7aa12976a2cce1c4a/execute/sync {'script': "arguments[0].scrollIntoView({behavior: 'smooth', block: 'center'});", 'args': [{'element-6066-11e4-a52e-4f735466cecf': 'f.EA71D5DC3EB98685FD9502C5F1D0E21F.d.5A2FDCCBDBE1B0C1466600B3B5548AC4.e.25'}]}
2025-12-09 03:31:39,571 [DEBUG] http://localhost:59452 "POST /session/0a0402213b1dabb7aa12976a2cce1c4a/execute/sync HTTP/1.1" 200 0
2025-12-09 03:31:39,573 [DEBUG] Remote response: status=200 | data={"value":null} | headers=HTTPHeaderDict({'Content-Length': '14', 'Content-Type': 'application/json; charset=utf-8', 'cache-control': 'no-cache'})
2025-12-09 03:31:39,577 [DEBUG] Finished Request
2025-12-09 03:31:40,578 [DEBUG] POST http://localhost:59452/session/0a0402213b1dabb7aa12976a2cce1c4a/element/f.EA71D5DC3EB98685FD9502C5F1D0E21F.d.5A2FDCCBDBE1B0C1466600B3B5548AC4.e.25/click {}
2025-12-09 03:31:41,650 [DEBUG] http://localhost:59452 "POST /session/0a0402213b1dabb7aa12976a2cce1c4a/element/f.EA71D5DC3EB98685FD9502C5F1D0E21F.d.5A2FDCCBDBE1B0C1466600B3B5548AC4.e.25/click HTTP/1.1" 400 0
2025-12-09 03:31:41,651 [DEBUG] Remote response: status=400 | data={"value":{"error":"element click intercepted","message":"element click intercepted: Element \u003Cspan style=\"white-space: nowrap; text-overflow: ellipsis;\">...\u003C/span> is not clickable at point (1266, 117). Other element would receive the click: \u003Cdiv class=\"lui-modal-background ng-scope\" ng-class=\"{ 'lui-fade': fade }\">\u003C/div>\n  (Session info: chrome=143.0.7499.41)","stacktrace":"Symbols not available. Dumping unresolved backtrace:\n\t0xa20d23\n\t0xa20d64\n\t0x80e6dd\n\t0x85f8ef\n\t0x85dbdc\n\t0x85b6c2\n\t0x85a945\n\t0x84f1c8\n\t0x87b4ec\n\t0x84ec34\n\t0x87b6a4\n\t0x89db13\n\t0x87b2e6\n\t0x84d321\n\t0x84e1d4\n\t0xc74d64\n\t0xc7031b\n\t0xc8cbfa\n\t0xa3ac28\n\t0xa42c2d\n\t0xa29028\n\t0xa291e9\n\t0xa13578\n\t0x76625d49\n\t0x7750d6db\n\t0x7750d661\n"}} | headers=HTTPHeaderDict({'Content-Length': '779', 'Content-Type': 'application/json; charset=utf-8', 'cache-control': 'no-cache'})
2025-12-09 03:31:41,651 [DEBUG] Finished Request
2025-12-09 03:31:41,651 [WARNING] Falha no foco de serventias: Message: element click intercepted: Element <span style="white-space: nowrap; text-overflow: ellipsis;">...</span> is not clickable at point (1266, 117). Other element would receive the click: <div class="lui-modal-background ng-scope" ng-class="{ 'lui-fade': fade }"></div>
  (Session info: chrome=143.0.7499.41); For documentation on this error, please visit: https://www.selenium.dev/documentation/webdriver/troubleshooting/errors#elementclickinterceptedexception
Stacktrace:
Symbols not available. Dumping unresolved backtrace:
	0xa20d23
	0xa20d64
	0x80e6dd
	0x85f8ef
	0x85dbdc
	0x85b6c2
	0x85a945
	0x84f1c8
	0x87b4ec
	0x84ec34
	0x87b6a4
	0x89db13
	0x87b2e6
	0x84d321
	0x84e1d4
	0xc74d64
	0xc7031b
	0xc8cbfa
	0xa3ac28
	0xa42c2d
	0xa29028
	0xa291e9
	0xa13578
	0x76625d49
	0x7750d6db
	0x7750d661

2025-12-09 03:31:41,652 [DEBUG] POST http://localhost:59452/session/0a0402213b1dabb7aa12976a2cce1c4a/elements {'using': 'xpath', 'value': "//*[contains(text(), 'Exportar dados em .csv')]"}
2025-12-09 03:31:41,666 [DEBUG] http://localhost:59452 "POST /session/0a0402213b1dabb7aa12976a2cce1c4a/elements HTTP/1.1" 200 0
2025-12-09 03:31:41,666 [DEBUG] Remote response: status=200 | data={"value":[{"element-6066-11e4-a52e-4f735466cecf":"f.EA71D5DC3EB98685FD9502C5F1D0E21F.d.5A2FDCCBDBE1B0C1466600B3B5548AC4.e.24"},{"element-6066-11e4-a52e-4f735466cecf":"f.EA71D5DC3EB98685FD9502C5F1D0E21F.d.5A2FDCCBDBE1B0C1466600B3B5548AC4.e.27"}]} | headers=HTTPHeaderDict({'Content-Length': '245', 'Content-Type': 'application/json; charset=utf-8', 'cache-control': 'no-cache'})
2025-12-09 03:31:41,666 [DEBUG] Finished Request
2025-12-09 03:31:41,666 [DEBUG] GET http://localhost:59452/session/0a0402213b1dabb7aa12976a2cce1c4a/element/f.EA71D5DC3EB98685FD9502C5F1D0E21F.d.5A2FDCCBDBE1B0C1466600B3B5548AC4.e.24/rect {}
2025-12-09 03:31:41,677 [DEBUG] http://localhost:59452 "GET /session/0a0402213b1dabb7aa12976a2cce1c4a/element/f.EA71D5DC3EB98685FD9502C5F1D0E21F.d.5A2FDCCBDBE1B0C1466600B3B5548AC4.e.24/rect HTTP/1.1" 200 0
2025-12-09 03:31:41,678 [DEBUG] Remote response: status=200 | data={"value":{"height":18,"width":142,"x":2359.875,"y":2890.375}} | headers=HTTPHeaderDict({'Content-Length': '61', 'Content-Type': 'application/json; charset=utf-8', 'cache-control': 'no-cache'})
2025-12-09 03:31:41,678 [DEBUG] Finished Request
2025-12-09 03:31:41,678 [DEBUG] GET http://localhost:59452/session/0a0402213b1dabb7aa12976a2cce1c4a/element/f.EA71D5DC3EB98685FD9502C5F1D0E21F.d.5A2FDCCBDBE1B0C1466600B3B5548AC4.e.27/rect {}
2025-12-09 03:31:41,690 [DEBUG] http://localhost:59452 "GET /session/0a0402213b1dabb7aa12976a2cce1c4a/element/f.EA71D5DC3EB98685FD9502C5F1D0E21F.d.5A2FDCCBDBE1B0C1466600B3B5548AC4.e.27/rect HTTP/1.1" 200 0
2025-12-09 03:31:41,690 [DEBUG] Remote response: status=200 | data={"value":{"height":18,"width":142,"x":2359.875,"y":2150.125}} | headers=HTTPHeaderDict({'Content-Length': '61', 'Content-Type': 'application/json; charset=utf-8', 'cache-control': 'no-cache'})
2025-12-09 03:31:41,691 [DEBUG] Finished Request
2025-12-09 03:31:41,691 [DEBUG] GET http://localhost:59452/session/0a0402213b1dabb7aa12976a2cce1c4a/element/f.EA71D5DC3EB98685FD9502C5F1D0E21F.d.5A2FDCCBDBE1B0C1466600B3B5548AC4.e.27/rect {}
2025-12-09 03:31:41,703 [DEBUG] http://localhost:59452 "GET /session/0a0402213b1dabb7aa12976a2cce1c4a/element/f.EA71D5DC3EB98685FD9502C5F1D0E21F.d.5A2FDCCBDBE1B0C1466600B3B5548AC4.e.27/rect HTTP/1.1" 200 0
2025-12-09 03:31:41,703 [DEBUG] Remote response: status=200 | data={"value":{"height":18,"width":142,"x":2359.875,"y":2150.125}} | headers=HTTPHeaderDict({'Content-Length': '61', 'Content-Type': 'application/json; charset=utf-8', 'cache-control': 'no-cache'})
2025-12-09 03:31:41,703 [DEBUG] Finished Request
2025-12-09 03:31:41,703 [INFO] Clicando no botão (Y=2150)...
2025-12-09 03:31:41,704 [DEBUG] POST http://localhost:59452/session/0a0402213b1dabb7aa12976a2cce1c4a/execute/sync {'script': "arguments[0].scrollIntoView({behavior: 'smooth', block: 'center'});", 'args': [{'element-6066-11e4-a52e-4f735466cecf': 'f.EA71D5DC3EB98685FD9502C5F1D0E21F.d.5A2FDCCBDBE1B0C1466600B3B5548AC4.e.27'}]}
2025-12-09 03:31:41,712 [DEBUG] http://localhost:59452 "POST /session/0a0402213b1dabb7aa12976a2cce1c4a/execute/sync HTTP/1.1" 200 0
2025-12-09 03:31:41,712 [DEBUG] Remote response: status=200 | data={"value":null} | headers=HTTPHeaderDict({'Content-Length': '14', 'Content-Type': 'application/json; charset=utf-8', 'cache-control': 'no-cache'})
2025-12-09 03:31:41,713 [DEBUG] Finished Request
2025-12-09 03:31:42,713 [DEBUG] POST http://localhost:59452/session/0a0402213b1dabb7aa12976a2cce1c4a/execute/sync {'script': 'arguments[0].click();', 'args': [{'element-6066-11e4-a52e-4f735466cecf': 'f.EA71D5DC3EB98685FD9502C5F1D0E21F.d.5A2FDCCBDBE1B0C1466600B3B5548AC4.e.27'}]}
2025-12-09 03:31:42,723 [DEBUG] http://localhost:59452 "POST /session/0a0402213b1dabb7aa12976a2cce1c4a/execute/sync HTTP/1.1" 200 0
2025-12-09 03:31:42,723 [DEBUG] Remote response: status=200 | data={"value":null} | headers=HTTPHeaderDict({'Content-Length': '14', 'Content-Type': 'application/json; charset=utf-8', 'cache-control': 'no-cache'})
2025-12-09 03:31:42,724 [DEBUG] Finished Request
2025-12-09 03:31:42,724 [INFO] Aguardando download (timeout=180s)...
2025-12-09 03:31:42,725 [DEBUG]   ... 0s aguardando...
2025-12-09 03:31:47,728 [DEBUG]   ... 5s aguardando...
2025-12-09 03:31:52,733 [DEBUG]   ... 10s aguardando...
2025-12-09 03:31:57,737 [DEBUG]   ... 15s aguardando...
2025-12-09 03:32:02,742 [DEBUG]   ... 20s aguardando...
2025-12-09 03:32:07,746 [DEBUG]   ... 25s aguardando...
2025-12-09 03:32:12,751 [DEBUG]   ... 30s aguardando...
2025-12-09 03:32:17,754 [DEBUG]   ... 35s aguardando...
2025-12-09 03:32:22,758 [DEBUG]   ... 40s aguardando...
2025-12-09 03:32:27,762 [DEBUG]   ... 45s aguardando...
2025-12-09 03:32:32,766 [DEBUG]   ... 50s aguardando...
2025-12-09 03:32:37,771 [DEBUG]   ... 55s aguardando...
2025-12-09 03:32:42,775 [DEBUG]   ... 60s aguardando...
2025-12-09 03:32:47,778 [DEBUG]   ... 65s aguardando...
2025-12-09 03:32:52,783 [DEBUG]   ... 70s aguardando...
2025-12-09 03:32:57,793 [DEBUG]   ... 75s aguardando...
2025-12-09 03:33:02,797 [DEBUG]   ... 80s aguardando...
2025-12-09 03:33:07,802 [DEBUG]   ... 85s aguardando...
2025-12-09 03:33:12,821 [DEBUG]   ... 90s aguardando...
2025-12-09 03:33:17,828 [DEBUG]   ... 95s aguardando...
2025-12-09 03:33:22,834 [DEBUG]   ... 100s aguardando...
2025-12-09 03:33:27,838 [DEBUG]   ... 105s aguardando...
2025-12-09 03:33:32,843 [DEBUG]   ... 110s aguardando...
2025-12-09 03:33:37,846 [DEBUG]   ... 115s aguardando...
2025-12-09 03:33:42,851 [DEBUG]   ... 120s aguardando...
2025-12-09 03:33:47,868 [DEBUG]   ... 125s aguardando...
2025-12-09 03:33:52,872 [DEBUG]   ... 130s aguardando...
2025-12-09 03:33:57,876 [DEBUG]   ... 135s aguardando...
2025-12-09 03:34:02,882 [DEBUG]   ... 140s aguardando...
2025-12-09 03:34:07,887 [DEBUG]   ... 145s aguardando...
2025-12-09 03:34:12,892 [DEBUG]   ... 150s aguardando...
2025-12-09 03:34:17,897 [DEBUG]   ... 155s aguardando...
2025-12-09 03:34:22,901 [DEBUG]   ... 160s aguardando...
2025-12-09 03:34:27,906 [DEBUG]   ... 165s aguardando...
2025-12-09 03:34:32,911 [DEBUG]   ... 170s aguardando...
2025-12-09 03:34:37,916 [DEBUG]   ... 175s aguardando...
2025-12-09 03:34:42,919 [WARNING] Timeout no download de serventias. Tentando novamente...
2025-12-09 03:34:42,920 [ERROR] FALHA FATAL: Não foi possível baixar serventias após 3 tentativas.
2025-12-09 03:34:42,920 [INFO] 
--- Processando Tabela 2: ARRECADACAO ---
2025-12-09 03:34:42,920 [INFO] Aguardando 10 segundos antes da próxima tabela...
2025-12-09 03:34:52,922 [INFO] Tentativa 1/3 para arrecadacao
2025-12-09 03:34:52,922 [DEBUG] POST http://localhost:59452/session/0a0402213b1dabb7aa12976a2cce1c4a/element {'using': 'xpath', 'value': "//*[contains(text(), 'Atos, arrecadação')]"}
2025-12-09 03:34:52,945 [DEBUG] http://localhost:59452 "POST /session/0a0402213b1dabb7aa12976a2cce1c4a/element HTTP/1.1" 200 0
2025-12-09 03:34:52,945 [DEBUG] Remote response: status=200 | data={"value":{"element-6066-11e4-a52e-4f735466cecf":"f.EA71D5DC3EB98685FD9502C5F1D0E21F.d.5A2FDCCBDBE1B0C1466600B3B5548AC4.e.33"}} | headers=HTTPHeaderDict({'Content-Length': '126', 'Content-Type': 'application/json; charset=utf-8', 'cache-control': 'no-cache'})
2025-12-09 03:34:52,946 [DEBUG] Finished Request
2025-12-09 03:34:52,946 [DEBUG] POST http://localhost:59452/session/0a0402213b1dabb7aa12976a2cce1c4a/execute/sync {'script': "arguments[0].scrollIntoView({behavior: 'smooth', block: 'center'});", 'args': [{'element-6066-11e4-a52e-4f735466cecf': 'f.EA71D5DC3EB98685FD9502C5F1D0E21F.d.5A2FDCCBDBE1B0C1466600B3B5548AC4.e.33'}]}
2025-12-09 03:34:52,958 [DEBUG] http://localhost:59452 "POST /session/0a0402213b1dabb7aa12976a2cce1c4a/execute/sync HTTP/1.1" 200 0
2025-12-09 03:34:52,958 [DEBUG] Remote response: status=200 | data={"value":null} | headers=HTTPHeaderDict({'Content-Length': '14', 'Content-Type': 'application/json; charset=utf-8', 'cache-control': 'no-cache'})
2025-12-09 03:34:52,959 [DEBUG] Finished Request
2025-12-09 03:34:53,959 [DEBUG] POST http://localhost:59452/session/0a0402213b1dabb7aa12976a2cce1c4a/element/f.EA71D5DC3EB98685FD9502C5F1D0E21F.d.5A2FDCCBDBE1B0C1466600B3B5548AC4.e.33/click {}
2025-12-09 03:34:55,016 [DEBUG] http://localhost:59452 "POST /session/0a0402213b1dabb7aa12976a2cce1c4a/element/f.EA71D5DC3EB98685FD9502C5F1D0E21F.d.5A2FDCCBDBE1B0C1466600B3B5548AC4.e.33/click HTTP/1.1" 400 0
2025-12-09 03:34:55,016 [DEBUG] Remote response: status=400 | data={"value":{"error":"element click intercepted","message":"element click intercepted: Element \u003Cdiv ng-if=\"!options.highlightTitle &amp;&amp; (!object._inEditState || object._inEditState &amp;&amp; object.isReadonly)\" class=\"qv-object-title-text ng-binding ng-scope\" qva-direction=\"\" x-dir-setting=\"ltr\" x-dir-text=\"...\" dir=\"ltr\">Atos, arrecadação, custeio e repasse\u003C/div> is not clickable at point (155, 522). Other element would receive the click: \u003Cdiv class=\"lui-modal-background ng-scope\" ng-class=\"{ 'lui-fade': fade }\">\u003C/div>\n  (Session info: chrome=143.0.7499.41)","stacktrace":"Symbols not available. Dumping unresolved backtrace:\n\t0xa20d23\n\t0xa20d64\n\t0x80e6dd\n\t0x85f8ef\n\t0x85dbdc\n\t0x85b6c2\n\t0x85a945\n\t0x84f1c8\n\t0x87b4ec\n\t0x84ec34\n\t0x87b6a4\n\t0x89db13\n\t0x87b2e6\n\t0x84d321\n\t0x84e1d4\n\t0xc74d64\n\t0xc7031b\n\t0xc8cbfa\n\t0xa3ac28\n\t0xa42c2d\n\t0xa29028\n\t0xa291e9\n\t0xa13578\n\t0x76625d49\n\t0x7750d6db\n\t0x7750d661\n"}} | headers=HTTPHeaderDict({'Content-Length': '998', 'Content-Type': 'application/json; charset=utf-8', 'cache-control': 'no-cache'})
2025-12-09 03:34:55,017 [DEBUG] Finished Request
2025-12-09 03:34:55,017 [DEBUG] POST http://localhost:59452/session/0a0402213b1dabb7aa12976a2cce1c4a/elements {'using': 'xpath', 'value': "//*[contains(text(), 'Exportar dados em .csv')]"}
2025-12-09 03:34:55,031 [DEBUG] http://localhost:59452 "POST /session/0a0402213b1dabb7aa12976a2cce1c4a/elements HTTP/1.1" 200 0
2025-12-09 03:34:55,031 [DEBUG] Remote response: status=200 | data={"value":[{"element-6066-11e4-a52e-4f735466cecf":"f.EA71D5DC3EB98685FD9502C5F1D0E21F.d.5A2FDCCBDBE1B0C1466600B3B5548AC4.e.24"},{"element-6066-11e4-a52e-4f735466cecf":"f.EA71D5DC3EB98685FD9502C5F1D0E21F.d.5A2FDCCBDBE1B0C1466600B3B5548AC4.e.27"}]} | headers=HTTPHeaderDict({'Content-Length': '245', 'Content-Type': 'application/json; charset=utf-8', 'cache-control': 'no-cache'})
2025-12-09 03:34:55,031 [DEBUG] Finished Request
2025-12-09 03:34:55,032 [DEBUG] GET http://localhost:59452/session/0a0402213b1dabb7aa12976a2cce1c4a/element/f.EA71D5DC3EB98685FD9502C5F1D0E21F.d.5A2FDCCBDBE1B0C1466600B3B5548AC4.e.24/rect {}
2025-12-09 03:34:55,045 [DEBUG] http://localhost:59452 "GET /session/0a0402213b1dabb7aa12976a2cce1c4a/element/f.EA71D5DC3EB98685FD9502C5F1D0E21F.d.5A2FDCCBDBE1B0C1466600B3B5548AC4.e.24/rect HTTP/1.1" 200 0
2025-12-09 03:34:55,045 [DEBUG] Remote response: status=200 | data={"value":{"height":18,"width":142,"x":2359.875,"y":1193.375}} | headers=HTTPHeaderDict({'Content-Length': '61', 'Content-Type': 'application/json; charset=utf-8', 'cache-control': 'no-cache'})
2025-12-09 03:34:55,045 [DEBUG] Finished Request
2025-12-09 03:34:55,046 [DEBUG] GET http://localhost:59452/session/0a0402213b1dabb7aa12976a2cce1c4a/element/f.EA71D5DC3EB98685FD9502C5F1D0E21F.d.5A2FDCCBDBE1B0C1466600B3B5548AC4.e.27/rect {}
2025-12-09 03:34:55,057 [DEBUG] http://localhost:59452 "GET /session/0a0402213b1dabb7aa12976a2cce1c4a/element/f.EA71D5DC3EB98685FD9502C5F1D0E21F.d.5A2FDCCBDBE1B0C1466600B3B5548AC4.e.27/rect HTTP/1.1" 200 0
2025-12-09 03:34:55,057 [DEBUG] Remote response: status=200 | data={"value":{"height":18,"width":142,"x":2359.875,"y":453.125}} | headers=HTTPHeaderDict({'Content-Length': '60', 'Content-Type': 'application/json; charset=utf-8', 'cache-control': 'no-cache'})
2025-12-09 03:34:55,057 [DEBUG] Finished Request
2025-12-09 03:34:55,058 [DEBUG] GET http://localhost:59452/session/0a0402213b1dabb7aa12976a2cce1c4a/element/f.EA71D5DC3EB98685FD9502C5F1D0E21F.d.5A2FDCCBDBE1B0C1466600B3B5548AC4.e.24/rect {}
2025-12-09 03:34:55,068 [DEBUG] http://localhost:59452 "GET /session/0a0402213b1dabb7aa12976a2cce1c4a/element/f.EA71D5DC3EB98685FD9502C5F1D0E21F.d.5A2FDCCBDBE1B0C1466600B3B5548AC4.e.24/rect HTTP/1.1" 200 0
2025-12-09 03:34:55,068 [DEBUG] Remote response: status=200 | data={"value":{"height":18,"width":142,"x":2359.875,"y":1193.375}} | headers=HTTPHeaderDict({'Content-Length': '61', 'Content-Type': 'application/json; charset=utf-8', 'cache-control': 'no-cache'})
2025-12-09 03:34:55,069 [DEBUG] Finished Request
2025-12-09 03:34:55,069 [INFO] Clicando no botão (Y=1193)...
2025-12-09 03:34:55,069 [DEBUG] POST http://localhost:59452/session/0a0402213b1dabb7aa12976a2cce1c4a/execute/sync {'script': "arguments[0].scrollIntoView({behavior: 'smooth', block: 'center'});", 'args': [{'element-6066-11e4-a52e-4f735466cecf': 'f.EA71D5DC3EB98685FD9502C5F1D0E21F.d.5A2FDCCBDBE1B0C1466600B3B5548AC4.e.24'}]}
2025-12-09 03:34:55,076 [DEBUG] http://localhost:59452 "POST /session/0a0402213b1dabb7aa12976a2cce1c4a/execute/sync HTTP/1.1" 200 0
2025-12-09 03:34:55,076 [DEBUG] Remote response: status=200 | data={"value":null} | headers=HTTPHeaderDict({'Content-Length': '14', 'Content-Type': 'application/json; charset=utf-8', 'cache-control': 'no-cache'})
2025-12-09 03:34:55,077 [DEBUG] Finished Request
2025-12-09 03:34:56,077 [DEBUG] POST http://localhost:59452/session/0a0402213b1dabb7aa12976a2cce1c4a/execute/sync {'script': 'arguments[0].click();', 'args': [{'element-6066-11e4-a52e-4f735466cecf': 'f.EA71D5DC3EB98685FD9502C5F1D0E21F.d.5A2FDCCBDBE1B0C1466600B3B5548AC4.e.24'}]}
2025-12-09 03:34:56,093 [DEBUG] http://localhost:59452 "POST /session/0a0402213b1dabb7aa12976a2cce1c4a/execute/sync HTTP/1.1" 200 0
2025-12-09 03:34:56,094 [DEBUG] Remote response: status=200 | data={"value":null} | headers=HTTPHeaderDict({'Content-Length': '14', 'Content-Type': 'application/json; charset=utf-8', 'cache-control': 'no-cache'})
2025-12-09 03:34:56,094 [DEBUG] Finished Request
2025-12-09 03:34:56,094 [INFO] Aguardando download (timeout=180s)...
2025-12-09 03:34:56,095 [DEBUG]   ... 0s aguardando...
2025-12-09 03:35:01,099 [DEBUG]   ... 5s aguardando...
2025-12-09 03:35:06,104 [DEBUG]   ... 10s aguardando...
2025-12-09 03:35:11,109 [DEBUG]   ... 15s aguardando...
2025-12-09 03:35:16,113 [DEBUG]   ... 20s aguardando...
2025-12-09 03:35:21,118 [DEBUG]   ... 25s aguardando...
2025-12-09 03:35:26,122 [DEBUG]   ... 30s aguardando...
2025-12-09 03:35:31,126 [DEBUG]   ... 35s aguardando...
2025-12-09 03:35:36,129 [DEBUG]   ... 40s aguardando...
2025-12-09 03:35:41,132 [DEBUG]   ... 45s aguardando...
2025-12-09 03:35:46,137 [DEBUG]   ... 50s aguardando...
2025-12-09 03:35:51,141 [DEBUG]   ... 55s aguardando...
2025-12-09 03:35:56,146 [DEBUG]   ... 60s aguardando...
2025-12-09 03:36:01,151 [DEBUG]   ... 65s aguardando...
2025-12-09 03:36:06,154 [DEBUG]   ... 70s aguardando...
2025-12-09 03:36:11,158 [DEBUG]   ... 75s aguardando...
2025-12-09 03:36:16,195 [DEBUG]   ... 80s aguardando...
2025-12-09 03:36:21,200 [DEBUG]   ... 85s aguardando...
2025-12-09 03:36:26,204 [DEBUG]   ... 90s aguardando...
2025-12-09 03:36:31,207 [DEBUG]   ... 95s aguardando...
2025-12-09 03:36:36,212 [DEBUG]   ... 100s aguardando...
2025-12-09 03:36:41,216 [DEBUG]   ... 105s aguardando...
2025-12-09 03:36:46,220 [DEBUG]   ... 110s aguardando...
2025-12-09 03:36:51,224 [DEBUG]   ... 115s aguardando...
2025-12-09 03:36:56,238 [DEBUG]   ... 120s aguardando...
2025-12-09 03:37:01,242 [DEBUG]   ... 125s aguardando...
2025-12-09 03:37:06,246 [DEBUG]   ... 130s aguardando...
2025-12-09 03:37:11,250 [DEBUG]   ... 135s aguardando...
2025-12-09 03:37:16,256 [DEBUG]   ... 140s aguardando...
2025-12-09 03:37:21,289 [DEBUG]   ... 145s aguardando...
2025-12-09 03:37:26,298 [DEBUG]   ... 150s aguardando...
2025-12-09 03:37:31,302 [DEBUG]   ... 155s aguardando...
2025-12-09 03:37:36,305 [DEBUG]   ... 160s aguardando...
2025-12-09 03:37:41,310 [DEBUG]   ... 165s aguardando...
2025-12-09 03:37:46,314 [DEBUG]   ... 170s aguardando...
2025-12-09 03:37:51,317 [DEBUG]   ... 175s aguardando...
2025-12-09 03:37:56,321 [WARNING] Timeout no download de arrecadacao. Tentando novamente...
2025-12-09 03:37:56,321 [INFO] Tentativa 2/3 para arrecadacao
2025-12-09 03:37:56,322 [DEBUG] POST http://localhost:59452/session/0a0402213b1dabb7aa12976a2cce1c4a/element {'using': 'xpath', 'value': "//*[contains(text(), 'Atos, arrecadação')]"}
2025-12-09 03:37:56,342 [DEBUG] http://localhost:59452 "POST /session/0a0402213b1dabb7aa12976a2cce1c4a/element HTTP/1.1" 200 0
2025-12-09 03:37:56,342 [DEBUG] Remote response: status=200 | data={"value":{"element-6066-11e4-a52e-4f735466cecf":"f.EA71D5DC3EB98685FD9502C5F1D0E21F.d.5A2FDCCBDBE1B0C1466600B3B5548AC4.e.33"}} | headers=HTTPHeaderDict({'Content-Length': '126', 'Content-Type': 'application/json; charset=utf-8', 'cache-control': 'no-cache'})
2025-12-09 03:37:56,343 [DEBUG] Finished Request
2025-12-09 03:37:56,343 [DEBUG] POST http://localhost:59452/session/0a0402213b1dabb7aa12976a2cce1c4a/execute/sync {'script': "arguments[0].scrollIntoView({behavior: 'smooth', block: 'center'});", 'args': [{'element-6066-11e4-a52e-4f735466cecf': 'f.EA71D5DC3EB98685FD9502C5F1D0E21F.d.5A2FDCCBDBE1B0C1466600B3B5548AC4.e.33'}]}
2025-12-09 03:37:56,354 [DEBUG] http://localhost:59452 "POST /session/0a0402213b1dabb7aa12976a2cce1c4a/execute/sync HTTP/1.1" 200 0
2025-12-09 03:37:56,354 [DEBUG] Remote response: status=200 | data={"value":null} | headers=HTTPHeaderDict({'Content-Length': '14', 'Content-Type': 'application/json; charset=utf-8', 'cache-control': 'no-cache'})
2025-12-09 03:37:56,354 [DEBUG] Finished Request
2025-12-09 03:37:57,355 [DEBUG] POST http://localhost:59452/session/0a0402213b1dabb7aa12976a2cce1c4a/element/f.EA71D5DC3EB98685FD9502C5F1D0E21F.d.5A2FDCCBDBE1B0C1466600B3B5548AC4.e.33/click {}
2025-12-09 03:37:58,460 [DEBUG] http://localhost:59452 "POST /session/0a0402213b1dabb7aa12976a2cce1c4a/element/f.EA71D5DC3EB98685FD9502C5F1D0E21F.d.5A2FDCCBDBE1B0C1466600B3B5548AC4.e.33/click HTTP/1.1" 400 0
2025-12-09 03:37:58,461 [DEBUG] Remote response: status=400 | data={"value":{"error":"element click intercepted","message":"element click intercepted: Element \u003Cdiv ng-if=\"!options.highlightTitle &amp;&amp; (!object._inEditState || object._inEditState &amp;&amp; object.isReadonly)\" class=\"qv-object-title-text ng-binding ng-scope\" qva-direction=\"\" x-dir-setting=\"ltr\" x-dir-text=\"...\" dir=\"ltr\">Atos, arrecadação, custeio e repasse\u003C/div> is not clickable at point (155, 522). Other element would receive the click: \u003Cdiv class=\"lui-modal-background ng-scope\" ng-class=\"{ 'lui-fade': fade }\">\u003C/div>\n  (Session info: chrome=143.0.7499.41)","stacktrace":"Symbols not available. Dumping unresolved backtrace:\n\t0xa20d23\n\t0xa20d64\n\t0x80e6dd\n\t0x85f8ef\n\t0x85dbdc\n\t0x85b6c2\n\t0x85a945\n\t0x84f1c8\n\t0x87b4ec\n\t0x84ec34\n\t0x87b6a4\n\t0x89db13\n\t0x87b2e6\n\t0x84d321\n\t0x84e1d4\n\t0xc74d64\n\t0xc7031b\n\t0xc8cbfa\n\t0xa3ac28\n\t0xa42c2d\n\t0xa29028\n\t0xa291e9\n\t0xa13578\n\t0x76625d49\n\t0x7750d6db\n\t0x7750d661\n"}} | headers=HTTPHeaderDict({'Content-Length': '998', 'Content-Type': 'application/json; charset=utf-8', 'cache-control': 'no-cache'})
2025-12-09 03:37:58,461 [DEBUG] Finished Request
2025-12-09 03:37:58,461 [DEBUG] POST http://localhost:59452/session/0a0402213b1dabb7aa12976a2cce1c4a/elements {'using': 'xpath', 'value': "//*[contains(text(), 'Exportar dados em .csv')]"}
2025-12-09 03:37:58,480 [DEBUG] http://localhost:59452 "POST /session/0a0402213b1dabb7aa12976a2cce1c4a/elements HTTP/1.1" 200 0
2025-12-09 03:37:58,480 [DEBUG] Remote response: status=200 | data={"value":[{"element-6066-11e4-a52e-4f735466cecf":"f.EA71D5DC3EB98685FD9502C5F1D0E21F.d.5A2FDCCBDBE1B0C1466600B3B5548AC4.e.24"},{"element-6066-11e4-a52e-4f735466cecf":"f.EA71D5DC3EB98685FD9502C5F1D0E21F.d.5A2FDCCBDBE1B0C1466600B3B5548AC4.e.27"}]} | headers=HTTPHeaderDict({'Content-Length': '245', 'Content-Type': 'application/json; charset=utf-8', 'cache-control': 'no-cache'})
2025-12-09 03:37:58,481 [DEBUG] Finished Request
2025-12-09 03:37:58,481 [DEBUG] GET http://localhost:59452/session/0a0402213b1dabb7aa12976a2cce1c4a/element/f.EA71D5DC3EB98685FD9502C5F1D0E21F.d.5A2FDCCBDBE1B0C1466600B3B5548AC4.e.24/rect {}
2025-12-09 03:37:58,494 [DEBUG] http://localhost:59452 "GET /session/0a0402213b1dabb7aa12976a2cce1c4a/element/f.EA71D5DC3EB98685FD9502C5F1D0E21F.d.5A2FDCCBDBE1B0C1466600B3B5548AC4.e.24/rect HTTP/1.1" 200 0
2025-12-09 03:37:58,495 [DEBUG] Remote response: status=200 | data={"value":{"height":18,"width":142,"x":2359.875,"y":1193.375}} | headers=HTTPHeaderDict({'Content-Length': '61', 'Content-Type': 'application/json; charset=utf-8', 'cache-control': 'no-cache'})
2025-12-09 03:37:58,495 [DEBUG] Finished Request
2025-12-09 03:37:58,495 [DEBUG] GET http://localhost:59452/session/0a0402213b1dabb7aa12976a2cce1c4a/element/f.EA71D5DC3EB98685FD9502C5F1D0E21F.d.5A2FDCCBDBE1B0C1466600B3B5548AC4.e.27/rect {}
2025-12-09 03:37:58,520 [DEBUG] http://localhost:59452 "GET /session/0a0402213b1dabb7aa12976a2cce1c4a/element/f.EA71D5DC3EB98685FD9502C5F1D0E21F.d.5A2FDCCBDBE1B0C1466600B3B5548AC4.e.27/rect HTTP/1.1" 200 0
2025-12-09 03:37:58,521 [DEBUG] Remote response: status=200 | data={"value":{"height":18,"width":142,"x":2359.875,"y":453.125}} | headers=HTTPHeaderDict({'Content-Length': '60', 'Content-Type': 'application/json; charset=utf-8', 'cache-control': 'no-cache'})
2025-12-09 03:37:58,521 [DEBUG] Finished Request
2025-12-09 03:37:58,522 [DEBUG] GET http://localhost:59452/session/0a0402213b1dabb7aa12976a2cce1c4a/element/f.EA71D5DC3EB98685FD9502C5F1D0E21F.d.5A2FDCCBDBE1B0C1466600B3B5548AC4.e.24/rect {}
2025-12-09 03:37:58,562 [DEBUG] http://localhost:59452 "GET /session/0a0402213b1dabb7aa12976a2cce1c4a/element/f.EA71D5DC3EB98685FD9502C5F1D0E21F.d.5A2FDCCBDBE1B0C1466600B3B5548AC4.e.24/rect HTTP/1.1" 200 0
2025-12-09 03:37:58,562 [DEBUG] Remote response: status=200 | data={"value":{"height":18,"width":142,"x":2359.875,"y":1193.375}} | headers=HTTPHeaderDict({'Content-Length': '61', 'Content-Type': 'application/json; charset=utf-8', 'cache-control': 'no-cache'})
2025-12-09 03:37:58,563 [DEBUG] Finished Request
2025-12-09 03:37:58,563 [INFO] Clicando no botão (Y=1193)...
2025-12-09 03:37:58,563 [DEBUG] POST http://localhost:59452/session/0a0402213b1dabb7aa12976a2cce1c4a/execute/sync {'script': "arguments[0].scrollIntoView({behavior: 'smooth', block: 'center'});", 'args': [{'element-6066-11e4-a52e-4f735466cecf': 'f.EA71D5DC3EB98685FD9502C5F1D0E21F.d.5A2FDCCBDBE1B0C1466600B3B5548AC4.e.24'}]}
2025-12-09 03:37:58,573 [DEBUG] http://localhost:59452 "POST /session/0a0402213b1dabb7aa12976a2cce1c4a/execute/sync HTTP/1.1" 200 0
2025-12-09 03:37:58,574 [DEBUG] Remote response: status=200 | data={"value":null} | headers=HTTPHeaderDict({'Content-Length': '14', 'Content-Type': 'application/json; charset=utf-8', 'cache-control': 'no-cache'})
2025-12-09 03:37:58,574 [DEBUG] Finished Request
2025-12-09 03:37:59,575 [DEBUG] POST http://localhost:59452/session/0a0402213b1dabb7aa12976a2cce1c4a/execute/sync {'script': 'arguments[0].click();', 'args': [{'element-6066-11e4-a52e-4f735466cecf': 'f.EA71D5DC3EB98685FD9502C5F1D0E21F.d.5A2FDCCBDBE1B0C1466600B3B5548AC4.e.24'}]}
2025-12-09 03:37:59,585 [DEBUG] http://localhost:59452 "POST /session/0a0402213b1dabb7aa12976a2cce1c4a/execute/sync HTTP/1.1" 200 0
2025-12-09 03:37:59,585 [DEBUG] Remote response: status=200 | data={"value":null} | headers=HTTPHeaderDict({'Content-Length': '14', 'Content-Type': 'application/json; charset=utf-8', 'cache-control': 'no-cache'})
2025-12-09 03:37:59,585 [DEBUG] Finished Request
2025-12-09 03:37:59,586 [INFO] Aguardando download (timeout=180s)...
2025-12-09 03:37:59,586 [DEBUG]   ... 0s aguardando...
2025-12-09 03:38:04,590 [DEBUG]   ... 5s aguardando...
2025-12-09 03:38:09,595 [DEBUG]   ... 10s aguardando...
2025-12-09 03:38:14,599 [DEBUG]   ... 15s aguardando...
2025-12-09 03:38:19,603 [DEBUG]   ... 20s aguardando...
2025-12-09 03:38:24,608 [DEBUG]   ... 25s aguardando...
2025-12-09 03:38:29,622 [DEBUG]   ... 30s aguardando...
2025-12-09 03:38:34,626 [DEBUG]   ... 35s aguardando...
2025-12-09 03:38:39,632 [DEBUG]   ... 40s aguardando...
2025-12-09 03:38:44,636 [DEBUG]   ... 45s aguardando...
2025-12-09 03:38:49,640 [DEBUG]   ... 50s aguardando...
2025-12-09 03:38:54,645 [DEBUG]   ... 55s aguardando...
2025-12-09 03:38:59,651 [DEBUG]   ... 60s aguardando...
2025-12-09 03:39:04,656 [DEBUG]   ... 65s aguardando...
2025-12-09 03:39:09,669 [DEBUG]   ... 70s aguardando...
2025-12-09 03:39:14,674 [DEBUG]   ... 75s aguardando...
2025-12-09 03:39:19,678 [DEBUG]   ... 80s aguardando...
2025-12-09 03:39:24,684 [DEBUG]   ... 85s aguardando...
2025-12-09 03:39:29,721 [DEBUG]   ... 90s aguardando...
2025-12-09 03:39:34,724 [DEBUG]   ... 95s aguardando...
2025-12-09 03:39:39,728 [DEBUG]   ... 100s aguardando...
2025-12-09 03:39:44,733 [DEBUG]   ... 105s aguardando...
2025-12-09 03:39:49,737 [DEBUG]   ... 110s aguardando...
2025-12-09 03:39:54,741 [DEBUG]   ... 115s aguardando...
2025-12-09 03:39:59,745 [DEBUG]   ... 120s aguardando...
2025-12-09 03:40:04,750 [DEBUG]   ... 125s aguardando...
2025-12-09 03:40:09,753 [DEBUG]   ... 130s aguardando...
2025-12-09 03:40:14,757 [DEBUG]   ... 135s aguardando...
2025-12-09 03:40:19,763 [DEBUG]   ... 140s aguardando...
2025-12-09 03:40:24,767 [DEBUG]   ... 145s aguardando...
2025-12-09 03:40:29,772 [DEBUG]   ... 150s aguardando...
2025-12-09 03:40:34,778 [DEBUG]   ... 155s aguardando...
2025-12-09 03:40:39,784 [DEBUG]   ... 160s aguardando...
2025-12-09 03:40:44,788 [DEBUG]   ... 165s aguardando...
2025-12-09 03:40:49,792 [DEBUG]   ... 170s aguardando...
2025-12-09 03:40:54,797 [DEBUG]   ... 175s aguardando...
2025-12-09 03:40:59,801 [WARNING] Timeout no download de arrecadacao. Tentando novamente...
2025-12-09 03:40:59,801 [INFO] Tentativa 3/3 para arrecadacao
2025-12-09 03:40:59,802 [DEBUG] POST http://localhost:59452/session/0a0402213b1dabb7aa12976a2cce1c4a/element {'using': 'xpath', 'value': "//*[contains(text(), 'Atos, arrecadação')]"}
2025-12-09 03:40:59,814 [DEBUG] http://localhost:59452 "POST /session/0a0402213b1dabb7aa12976a2cce1c4a/element HTTP/1.1" 200 0
2025-12-09 03:40:59,815 [DEBUG] Remote response: status=200 | data={"value":{"element-6066-11e4-a52e-4f735466cecf":"f.EA71D5DC3EB98685FD9502C5F1D0E21F.d.5A2FDCCBDBE1B0C1466600B3B5548AC4.e.33"}} | headers=HTTPHeaderDict({'Content-Length': '126', 'Content-Type': 'application/json; charset=utf-8', 'cache-control': 'no-cache'})
2025-12-09 03:40:59,815 [DEBUG] Finished Request
2025-12-09 03:40:59,815 [DEBUG] POST http://localhost:59452/session/0a0402213b1dabb7aa12976a2cce1c4a/execute/sync {'script': "arguments[0].scrollIntoView({behavior: 'smooth', block: 'center'});", 'args': [{'element-6066-11e4-a52e-4f735466cecf': 'f.EA71D5DC3EB98685FD9502C5F1D0E21F.d.5A2FDCCBDBE1B0C1466600B3B5548AC4.e.33'}]}
2025-12-09 03:40:59,822 [DEBUG] http://localhost:59452 "POST /session/0a0402213b1dabb7aa12976a2cce1c4a/execute/sync HTTP/1.1" 200 0
2025-12-09 03:40:59,823 [DEBUG] Remote response: status=200 | data={"value":null} | headers=HTTPHeaderDict({'Content-Length': '14', 'Content-Type': 'application/json; charset=utf-8', 'cache-control': 'no-cache'})
2025-12-09 03:40:59,823 [DEBUG] Finished Request
2025-12-09 03:41:00,824 [DEBUG] POST http://localhost:59452/session/0a0402213b1dabb7aa12976a2cce1c4a/element/f.EA71D5DC3EB98685FD9502C5F1D0E21F.d.5A2FDCCBDBE1B0C1466600B3B5548AC4.e.33/click {}
2025-12-09 03:41:01,885 [DEBUG] http://localhost:59452 "POST /session/0a0402213b1dabb7aa12976a2cce1c4a/element/f.EA71D5DC3EB98685FD9502C5F1D0E21F.d.5A2FDCCBDBE1B0C1466600B3B5548AC4.e.33/click HTTP/1.1" 400 0
2025-12-09 03:41:01,886 [DEBUG] Remote response: status=400 | data={"value":{"error":"element click intercepted","message":"element click intercepted: Element \u003Cdiv ng-if=\"!options.highlightTitle &amp;&amp; (!object._inEditState || object._inEditState &amp;&amp; object.isReadonly)\" class=\"qv-object-title-text ng-binding ng-scope\" qva-direction=\"\" x-dir-setting=\"ltr\" x-dir-text=\"...\" dir=\"ltr\">Atos, arrecadação, custeio e repasse\u003C/div> is not clickable at point (155, 522). Other element would receive the click: \u003Cdiv class=\"lui-modal-background ng-scope\" ng-class=\"{ 'lui-fade': fade }\">\u003C/div>\n  (Session info: chrome=143.0.7499.41)","stacktrace":"Symbols not available. Dumping unresolved backtrace:\n\t0xa20d23\n\t0xa20d64\n\t0x80e6dd\n\t0x85f8ef\n\t0x85dbdc\n\t0x85b6c2\n\t0x85a945\n\t0x84f1c8\n\t0x87b4ec\n\t0x84ec34\n\t0x87b6a4\n\t0x89db13\n\t0x87b2e6\n\t0x84d321\n\t0x84e1d4\n\t0xc74d64\n\t0xc7031b\n\t0xc8cbfa\n\t0xa3ac28\n\t0xa42c2d\n\t0xa29028\n\t0xa291e9\n\t0xa13578\n\t0x76625d49\n\t0x7750d6db\n\t0x7750d661\n"}} | headers=HTTPHeaderDict({'Content-Length': '998', 'Content-Type': 'application/json; charset=utf-8', 'cache-control': 'no-cache'})
2025-12-09 03:41:01,886 [DEBUG] Finished Request
2025-12-09 03:41:01,887 [DEBUG] POST http://localhost:59452/session/0a0402213b1dabb7aa12976a2cce1c4a/elements {'using': 'xpath', 'value': "//*[contains(text(), 'Exportar dados em .csv')]"}
2025-12-09 03:41:01,903 [DEBUG] http://localhost:59452 "POST /session/0a0402213b1dabb7aa12976a2cce1c4a/elements HTTP/1.1" 200 0
2025-12-09 03:41:01,903 [DEBUG] Remote response: status=200 | data={"value":[{"element-6066-11e4-a52e-4f735466cecf":"f.EA71D5DC3EB98685FD9502C5F1D0E21F.d.5A2FDCCBDBE1B0C1466600B3B5548AC4.e.24"},{"element-6066-11e4-a52e-4f735466cecf":"f.EA71D5DC3EB98685FD9502C5F1D0E21F.d.5A2FDCCBDBE1B0C1466600B3B5548AC4.e.27"}]} | headers=HTTPHeaderDict({'Content-Length': '245', 'Content-Type': 'application/json; charset=utf-8', 'cache-control': 'no-cache'})
2025-12-09 03:41:01,903 [DEBUG] Finished Request
2025-12-09 03:41:01,904 [DEBUG] GET http://localhost:59452/session/0a0402213b1dabb7aa12976a2cce1c4a/element/f.EA71D5DC3EB98685FD9502C5F1D0E21F.d.5A2FDCCBDBE1B0C1466600B3B5548AC4.e.24/rect {}
2025-12-09 03:41:01,916 [DEBUG] http://localhost:59452 "GET /session/0a0402213b1dabb7aa12976a2cce1c4a/element/f.EA71D5DC3EB98685FD9502C5F1D0E21F.d.5A2FDCCBDBE1B0C1466600B3B5548AC4.e.24/rect HTTP/1.1" 200 0
2025-12-09 03:41:01,916 [DEBUG] Remote response: status=200 | data={"value":{"height":18,"width":142,"x":2359.875,"y":1193.375}} | headers=HTTPHeaderDict({'Content-Length': '61', 'Content-Type': 'application/json; charset=utf-8', 'cache-control': 'no-cache'})
2025-12-09 03:41:01,916 [DEBUG] Finished Request
2025-12-09 03:41:01,917 [DEBUG] GET http://localhost:59452/session/0a0402213b1dabb7aa12976a2cce1c4a/element/f.EA71D5DC3EB98685FD9502C5F1D0E21F.d.5A2FDCCBDBE1B0C1466600B3B5548AC4.e.27/rect {}
2025-12-09 03:41:01,927 [DEBUG] http://localhost:59452 "GET /session/0a0402213b1dabb7aa12976a2cce1c4a/element/f.EA71D5DC3EB98685FD9502C5F1D0E21F.d.5A2FDCCBDBE1B0C1466600B3B5548AC4.e.27/rect HTTP/1.1" 200 0
2025-12-09 03:41:01,927 [DEBUG] Remote response: status=200 | data={"value":{"height":18,"width":142,"x":2359.875,"y":453.125}} | headers=HTTPHeaderDict({'Content-Length': '60', 'Content-Type': 'application/json; charset=utf-8', 'cache-control': 'no-cache'})
2025-12-09 03:41:01,928 [DEBUG] Finished Request
2025-12-09 03:41:01,928 [DEBUG] GET http://localhost:59452/session/0a0402213b1dabb7aa12976a2cce1c4a/element/f.EA71D5DC3EB98685FD9502C5F1D0E21F.d.5A2FDCCBDBE1B0C1466600B3B5548AC4.e.24/rect {}
2025-12-09 03:41:01,938 [DEBUG] http://localhost:59452 "GET /session/0a0402213b1dabb7aa12976a2cce1c4a/element/f.EA71D5DC3EB98685FD9502C5F1D0E21F.d.5A2FDCCBDBE1B0C1466600B3B5548AC4.e.24/rect HTTP/1.1" 200 0
2025-12-09 03:41:01,939 [DEBUG] Remote response: status=200 | data={"value":{"height":18,"width":142,"x":2359.875,"y":1193.375}} | headers=HTTPHeaderDict({'Content-Length': '61', 'Content-Type': 'application/json; charset=utf-8', 'cache-control': 'no-cache'})
2025-12-09 03:41:01,939 [DEBUG] Finished Request
2025-12-09 03:41:01,939 [INFO] Clicando no botão (Y=1193)...
2025-12-09 03:41:01,940 [DEBUG] POST http://localhost:59452/session/0a0402213b1dabb7aa12976a2cce1c4a/execute/sync {'script': "arguments[0].scrollIntoView({behavior: 'smooth', block: 'center'});", 'args': [{'element-6066-11e4-a52e-4f735466cecf': 'f.EA71D5DC3EB98685FD9502C5F1D0E21F.d.5A2FDCCBDBE1B0C1466600B3B5548AC4.e.24'}]}
2025-12-09 03:41:01,948 [DEBUG] http://localhost:59452 "POST /session/0a0402213b1dabb7aa12976a2cce1c4a/execute/sync HTTP/1.1" 200 0
2025-12-09 03:41:01,949 [DEBUG] Remote response: status=200 | data={"value":null} | headers=HTTPHeaderDict({'Content-Length': '14', 'Content-Type': 'application/json; charset=utf-8', 'cache-control': 'no-cache'})
2025-12-09 03:41:01,949 [DEBUG] Finished Request
2025-12-09 03:41:02,950 [DEBUG] POST http://localhost:59452/session/0a0402213b1dabb7aa12976a2cce1c4a/execute/sync {'script': 'arguments[0].click();', 'args': [{'element-6066-11e4-a52e-4f735466cecf': 'f.EA71D5DC3EB98685FD9502C5F1D0E21F.d.5A2FDCCBDBE1B0C1466600B3B5548AC4.e.24'}]}
2025-12-09 03:41:02,959 [DEBUG] http://localhost:59452 "POST /session/0a0402213b1dabb7aa12976a2cce1c4a/execute/sync HTTP/1.1" 200 0
2025-12-09 03:41:02,959 [DEBUG] Remote response: status=200 | data={"value":null} | headers=HTTPHeaderDict({'Content-Length': '14', 'Content-Type': 'application/json; charset=utf-8', 'cache-control': 'no-cache'})
2025-12-09 03:41:02,959 [DEBUG] Finished Request
2025-12-09 03:41:02,960 [INFO] Aguardando download (timeout=180s)...
2025-12-09 03:41:02,960 [DEBUG]   ... 0s aguardando...
2025-12-09 03:41:07,965 [DEBUG]   ... 5s aguardando...
2025-12-09 03:41:12,970 [DEBUG]   ... 10s aguardando...
2025-12-09 03:41:17,974 [DEBUG]   ... 15s aguardando...
2025-12-09 03:41:22,978 [DEBUG]   ... 20s aguardando...
2025-12-09 03:41:27,982 [DEBUG]   ... 25s aguardando...
2025-12-09 03:41:32,986 [DEBUG]   ... 30s aguardando...
2025-12-09 03:41:37,990 [DEBUG]   ... 35s aguardando...
2025-12-09 03:41:42,994 [DEBUG]   ... 40s aguardando...
2025-12-09 03:41:47,998 [DEBUG]   ... 45s aguardando...
2025-12-09 03:41:53,002 [DEBUG]   ... 50s aguardando...
2025-12-09 03:41:58,006 [DEBUG]   ... 55s aguardando...
2025-12-09 03:42:03,010 [DEBUG]   ... 60s aguardando...
2025-12-09 03:42:08,019 [DEBUG]   ... 65s aguardando...
2025-12-09 03:42:13,023 [DEBUG]   ... 70s aguardando...
2025-12-09 03:42:18,027 [DEBUG]   ... 75s aguardando...
2025-12-09 03:42:23,032 [DEBUG]   ... 80s aguardando...
2025-12-09 03:42:28,046 [DEBUG]   ... 85s aguardando...
2025-12-09 03:42:33,051 [DEBUG]   ... 90s aguardando...
2025-12-09 03:42:38,055 [DEBUG]   ... 95s aguardando...
2025-12-09 03:42:43,061 [DEBUG]   ... 100s aguardando...
2025-12-09 03:42:48,102 [DEBUG]   ... 105s aguardando...
2025-12-09 03:42:53,110 [DEBUG]   ... 110s aguardando...
2025-12-09 03:42:58,116 [DEBUG]   ... 115s aguardando...
2025-12-09 03:43:03,120 [DEBUG]   ... 120s aguardando...
2025-12-09 03:43:08,125 [DEBUG]   ... 125s aguardando...
2025-12-09 03:43:13,130 [DEBUG]   ... 130s aguardando...
2025-12-09 03:43:18,137 [DEBUG]   ... 135s aguardando...
2025-12-09 03:43:23,149 [DEBUG]   ... 140s aguardando...
2025-12-09 03:43:28,159 [DEBUG]   ... 145s aguardando...
2025-12-09 03:43:33,165 [DEBUG]   ... 150s aguardando...
2025-12-09 03:43:38,172 [DEBUG]   ... 155s aguardando...
2025-12-09 03:43:43,176 [DEBUG]   ... 160s aguardando...
2025-12-09 03:43:48,181 [DEBUG]   ... 165s aguardando...
2025-12-09 03:43:53,185 [DEBUG]   ... 170s aguardando...
2025-12-09 03:43:58,190 [DEBUG]   ... 175s aguardando...
2025-12-09 03:44:03,194 [WARNING] Timeout no download de arrecadacao. Tentando novamente...
2025-12-09 03:44:03,194 [ERROR] FALHA FATAL: Não foi possível baixar arrecadacao após 3 tentativas.
2025-12-09 03:44:03,195 [DEBUG] DELETE http://localhost:59452/session/0a0402213b1dabb7aa12976a2cce1c4a {}
2025-12-09 03:44:03,197 [DEBUG] http://localhost:59452 "DELETE /session/0a0402213b1dabb7aa12976a2cce1c4a HTTP/1.1" 200 0
2025-12-09 03:44:03,198 [DEBUG] Remote response: status=200 | data={"value":null} | headers=HTTPHeaderDict({'Content-Length': '14', 'Content-Type': 'application/json; charset=utf-8', 'cache-control': 'no-cache'})
2025-12-09 03:44:03,198 [DEBUG] Finished Request
