2025-12-09 03:54:23,246 [INFO] === Iniciando extração CNJ Analytics ===
2025-12-09 03:54:23,248 [INFO] Log salvo em: extracao_cnj_20251209_035423.log
2025-12-09 03:54:23,248 [INFO] Iniciando extração (Headless: False)...
2025-12-09 03:54:23,250 [INFO] ====== WebDriver manager ======
2025-12-09 03:54:24,312 [INFO] Get LATEST chromedriver version for google-chrome
2025-12-09 03:54:24,315 [DEBUG] Starting new HTTPS connection (1): googlechromelabs.github.io:443
2025-12-09 03:54:24,597 [DEBUG] https://googlechromelabs.github.io:443 "GET /chrome-for-testing/latest-patch-versions-per-build.json HTTP/1.1" 200 14342
2025-12-09 03:54:24,615 [INFO] Get LATEST chromedriver version for google-chrome
2025-12-09 03:54:24,617 [DEBUG] Starting new HTTPS connection (1): googlechromelabs.github.io:443
2025-12-09 03:54:24,873 [DEBUG] https://googlechromelabs.github.io:443 "GET /chrome-for-testing/latest-patch-versions-per-build.json HTTP/1.1" 200 14342
2025-12-09 03:54:24,890 [INFO] Driver [C:\Users\avila\.wdm\drivers\chromedriver\win64\143.0.7499.40\chromedriver-win32/chromedriver.exe] found in cache
2025-12-09 03:54:24,891 [DEBUG] Skipping Selenium Manager; path to chrome driver specified in Service class: C:\Users\avila\.wdm\drivers\chromedriver\win64\143.0.7499.40\chromedriver-win32/chromedriver.exe
2025-12-09 03:54:24,895 [DEBUG] Started executable: `C:\Users\avila\.wdm\drivers\chromedriver\win64\143.0.7499.40\chromedriver-win32/chromedriver.exe` in a child process with pid: 33168 using 0 to output -3
2025-12-09 03:54:25,412 [DEBUG] POST http://localhost:56667/session {'capabilities': {'firstMatch': [{}], 'alwaysMatch': {'browserName': 'chrome', 'pageLoadStrategy': <PageLoadStrategy.normal: 'normal'>, 'goog:chromeOptions': {'excludeSwitches': ['enable-automation'], 'useAutomationExtension': False, 'prefs': {'download.default_directory': 'C:\\Users\\avila\\OneDrive\\Escritorio\\site CartoiosRJ\\downloads_cnj', 'download.prompt_for_download': False, 'download.directory_upgrade': True, 'safebrowsing.enabled': True}, 'extensions': [], 'args': ['--no-sandbox', '--disable-dev-shm-usage', '--window-size=2560,1440']}}}}
2025-12-09 03:54:25,413 [DEBUG] Starting new HTTP connection (1): localhost:56667
2025-12-09 03:54:26,033 [DEBUG] http://localhost:56667 "POST /session HTTP/1.1" 200 0
2025-12-09 03:54:26,033 [DEBUG] Remote response: status=200 | data={"value":{"capabilities":{"acceptInsecureCerts":false,"browserName":"chrome","browserVersion":"143.0.7499.41","chrome":{"chromedriverVersion":"143.0.7499.40 (c23ff452476d1b6322d73b9b629420ef119d0388-refs/branch-heads/7499@{#2388})","userDataDir":"C:\\Windows\\SystemTemp\\scoped_dir33168_268884784"},"fedcm:accounts":true,"goog:chromeOptions":{"debuggerAddress":"localhost:56671"},"goog:processID":52636,"networkConnectionEnabled":false,"pageLoadStrategy":"normal","platformName":"windows","proxy":{},"setWindowRect":true,"strictFileInteractability":false,"timeouts":{"implicit":0,"pageLoad":300000,"script":30000},"unhandledPromptBehavior":"dismiss and notify","webauthn:extension:credBlob":true,"webauthn:extension:largeBlob":true,"webauthn:extension:minPinLength":true,"webauthn:extension:prf":true,"webauthn:virtualAuthenticators":true},"sessionId":"63d6f02885a06cafda3c9c670bd513bf"}} | headers=HTTPHeaderDict({'Content-Length': '889', 'Content-Type': 'application/json; charset=utf-8', 'cache-control': 'no-cache'})
2025-12-09 03:54:26,034 [DEBUG] Finished Request
2025-12-09 03:54:26,034 [DEBUG] POST http://localhost:56667/session/63d6f02885a06cafda3c9c670bd513bf/goog/cdp/execute {'cmd': 'Page.addScriptToEvaluateOnNewDocument', 'params': {'source': "\n            Object.defineProperty(navigator, 'webdriver', {\n                get: () => undefined\n  ..."}}
2025-12-09 03:54:26,040 [DEBUG] http://localhost:56667 "POST /session/63d6f02885a06cafda3c9c670bd513bf/goog/cdp/execute HTTP/1.1" 200 0
2025-12-09 03:54:26,041 [DEBUG] Remote response: status=200 | data={"value":{"identifier":"2"}} | headers=HTTPHeaderDict({'Content-Length': '28', 'Content-Type': 'application/json; charset=utf-8', 'cache-control': 'no-cache'})
2025-12-09 03:54:26,041 [DEBUG] Finished Request
2025-12-09 03:54:26,041 [DEBUG] POST http://localhost:56667/session/63d6f02885a06cafda3c9c670bd513bf/url {'url': 'https://paineisanalytics.cnj.jus.br/single/?appid=6ae52b4b-f6fb-4e06-8f8a-19c0656b1408&sheet=8413120...'}
2025-12-09 03:54:26,565 [DEBUG] http://localhost:56667 "POST /session/63d6f02885a06cafda3c9c670bd513bf/url HTTP/1.1" 200 0
2025-12-09 03:54:26,565 [DEBUG] Remote response: status=200 | data={"value":null} | headers=HTTPHeaderDict({'Content-Length': '14', 'Content-Type': 'application/json; charset=utf-8', 'cache-control': 'no-cache'})
2025-12-09 03:54:26,566 [DEBUG] Finished Request
2025-12-09 03:54:26,566 [INFO] Página carregada, aguardando renderização (45s)...
2025-12-09 03:55:11,567 [DEBUG] POST http://localhost:56667/session/63d6f02885a06cafda3c9c670bd513bf/elements {'using': 'xpath', 'value': "//*[contains(text(), 'Ocorreu um erro') or contains(text(), 'Connection lost')]"}
2025-12-09 03:55:11,595 [DEBUG] http://localhost:56667 "POST /session/63d6f02885a06cafda3c9c670bd513bf/elements HTTP/1.1" 200 0
2025-12-09 03:55:11,596 [DEBUG] Remote response: status=200 | data={"value":[]} | headers=HTTPHeaderDict({'Content-Length': '12', 'Content-Type': 'application/json; charset=utf-8', 'cache-control': 'no-cache'})
2025-12-09 03:55:11,596 [DEBUG] Finished Request
2025-12-09 03:55:11,596 [DEBUG] POST http://localhost:56667/session/63d6f02885a06cafda3c9c670bd513bf/actions {'actions': [{'type': 'pointer', 'parameters': {'pointerType': 'mouse'}, 'id': 'mouse', 'actions': [{'type': 'pause', 'duration': 0}, {'type': 'pause', 'duration': 0}]}, {'type': 'key', 'id': 'key', 'actions': [{'type': 'keyDown', 'value': '\ue00c'}, {'type': 'keyUp', 'value': '\ue00c'}]}]}
2025-12-09 03:55:11,606 [DEBUG] http://localhost:56667 "POST /session/63d6f02885a06cafda3c9c670bd513bf/actions HTTP/1.1" 200 0
2025-12-09 03:55:11,606 [DEBUG] Remote response: status=200 | data={"value":null} | headers=HTTPHeaderDict({'Content-Length': '14', 'Content-Type': 'application/json; charset=utf-8', 'cache-control': 'no-cache'})
2025-12-09 03:55:11,606 [DEBUG] Finished Request
2025-12-09 03:55:12,607 [DEBUG] POST http://localhost:56667/session/63d6f02885a06cafda3c9c670bd513bf/elements {'using': 'css selector', 'value': '.lui-fade'}
2025-12-09 03:55:12,622 [DEBUG] http://localhost:56667 "POST /session/63d6f02885a06cafda3c9c670bd513bf/elements HTTP/1.1" 200 0
2025-12-09 03:55:12,622 [DEBUG] Remote response: status=200 | data={"value":[]} | headers=HTTPHeaderDict({'Content-Length': '12', 'Content-Type': 'application/json; charset=utf-8', 'cache-control': 'no-cache'})
2025-12-09 03:55:12,623 [DEBUG] Finished Request
2025-12-09 03:55:12,623 [DEBUG] POST http://localhost:56667/session/63d6f02885a06cafda3c9c670bd513bf/elements {'using': 'xpath', 'value': "//button[contains(@title, 'Fechar') or contains(@class, 'close')]"}
2025-12-09 03:55:12,639 [DEBUG] http://localhost:56667 "POST /session/63d6f02885a06cafda3c9c670bd513bf/elements HTTP/1.1" 200 0
2025-12-09 03:55:12,639 [DEBUG] Remote response: status=200 | data={"value":[]} | headers=HTTPHeaderDict({'Content-Length': '12', 'Content-Type': 'application/json; charset=utf-8', 'cache-control': 'no-cache'})
2025-12-09 03:55:12,639 [DEBUG] Finished Request
2025-12-09 03:55:12,640 [DEBUG] POST http://localhost:56667/session/63d6f02885a06cafda3c9c670bd513bf/element {'using': 'xpath', 'value': "//*[contains(text(), 'Exportar dados em .csv')]"}
2025-12-09 03:55:12,657 [DEBUG] http://localhost:56667 "POST /session/63d6f02885a06cafda3c9c670bd513bf/element HTTP/1.1" 200 0
2025-12-09 03:55:12,657 [DEBUG] Remote response: status=200 | data={"value":{"element-6066-11e4-a52e-4f735466cecf":"f.3B33201F9A21D0E22E9717E00CA7E01B.d.08C35AC2D8835A90FE02274DE744458E.e.24"}} | headers=HTTPHeaderDict({'Content-Length': '126', 'Content-Type': 'application/json; charset=utf-8', 'cache-control': 'no-cache'})
2025-12-09 03:55:12,657 [DEBUG] Finished Request
2025-12-09 03:55:12,658 [INFO] Botões de exportação detectados!
2025-12-09 03:55:12,658 [DEBUG] POST http://localhost:56667/session/63d6f02885a06cafda3c9c670bd513bf/execute/sync {'script': 'window.scrollTo(0, document.body.scrollHeight);', 'args': []}
2025-12-09 03:55:12,666 [DEBUG] http://localhost:56667 "POST /session/63d6f02885a06cafda3c9c670bd513bf/execute/sync HTTP/1.1" 200 0
2025-12-09 03:55:12,666 [DEBUG] Remote response: status=200 | data={"value":null} | headers=HTTPHeaderDict({'Content-Length': '14', 'Content-Type': 'application/json; charset=utf-8', 'cache-control': 'no-cache'})
2025-12-09 03:55:12,667 [DEBUG] Finished Request
2025-12-09 03:55:17,667 [INFO] 
--- Processando Tabela 1: SERVENTIAS ---
2025-12-09 03:55:17,668 [INFO] Tentativa 1/3 para serventias
2025-12-09 03:55:17,668 [DEBUG] POST http://localhost:56667/session/63d6f02885a06cafda3c9c670bd513bf/elements {'using': 'xpath', 'value': "//*[contains(text(), 'Ocorreu um erro') or contains(text(), 'Connection lost')]"}
2025-12-09 03:55:17,680 [DEBUG] http://localhost:56667 "POST /session/63d6f02885a06cafda3c9c670bd513bf/elements HTTP/1.1" 200 0
2025-12-09 03:55:17,682 [DEBUG] Remote response: status=200 | data={"value":[]} | headers=HTTPHeaderDict({'Content-Length': '12', 'Content-Type': 'application/json; charset=utf-8', 'cache-control': 'no-cache'})
2025-12-09 03:55:17,683 [DEBUG] Finished Request
2025-12-09 03:55:17,683 [DEBUG] POST http://localhost:56667/session/63d6f02885a06cafda3c9c670bd513bf/actions {'actions': [{'type': 'pointer', 'parameters': {'pointerType': 'mouse'}, 'id': 'mouse', 'actions': [{'type': 'pause', 'duration': 0}, {'type': 'pause', 'duration': 0}]}, {'type': 'key', 'id': 'key', 'actions': [{'type': 'keyDown', 'value': '\ue00c'}, {'type': 'keyUp', 'value': '\ue00c'}]}]}
2025-12-09 03:55:17,689 [DEBUG] http://localhost:56667 "POST /session/63d6f02885a06cafda3c9c670bd513bf/actions HTTP/1.1" 200 0
2025-12-09 03:55:17,689 [DEBUG] Remote response: status=200 | data={"value":null} | headers=HTTPHeaderDict({'Content-Length': '14', 'Content-Type': 'application/json; charset=utf-8', 'cache-control': 'no-cache'})
2025-12-09 03:55:17,689 [DEBUG] Finished Request
2025-12-09 03:55:18,690 [DEBUG] POST http://localhost:56667/session/63d6f02885a06cafda3c9c670bd513bf/elements {'using': 'css selector', 'value': '.lui-fade'}
2025-12-09 03:55:18,698 [DEBUG] http://localhost:56667 "POST /session/63d6f02885a06cafda3c9c670bd513bf/elements HTTP/1.1" 200 0
2025-12-09 03:55:18,698 [DEBUG] Remote response: status=200 | data={"value":[]} | headers=HTTPHeaderDict({'Content-Length': '12', 'Content-Type': 'application/json; charset=utf-8', 'cache-control': 'no-cache'})
2025-12-09 03:55:18,698 [DEBUG] Finished Request
2025-12-09 03:55:18,699 [DEBUG] POST http://localhost:56667/session/63d6f02885a06cafda3c9c670bd513bf/elements {'using': 'xpath', 'value': "//button[contains(@title, 'Fechar') or contains(@class, 'close')]"}
2025-12-09 03:55:18,708 [DEBUG] http://localhost:56667 "POST /session/63d6f02885a06cafda3c9c670bd513bf/elements HTTP/1.1" 200 0
2025-12-09 03:55:18,708 [DEBUG] Remote response: status=200 | data={"value":[]} | headers=HTTPHeaderDict({'Content-Length': '12', 'Content-Type': 'application/json; charset=utf-8', 'cache-control': 'no-cache'})
2025-12-09 03:55:18,708 [DEBUG] Finished Request
2025-12-09 03:55:18,709 [DEBUG] POST http://localhost:56667/session/63d6f02885a06cafda3c9c670bd513bf/element {'using': 'xpath', 'value': "//*[contains(text(), 'Serventia') or contains(text(), 'CNS')]"}
2025-12-09 03:55:18,724 [DEBUG] http://localhost:56667 "POST /session/63d6f02885a06cafda3c9c670bd513bf/element HTTP/1.1" 200 0
2025-12-09 03:55:18,725 [DEBUG] Remote response: status=200 | data={"value":{"element-6066-11e4-a52e-4f735466cecf":"f.3B33201F9A21D0E22E9717E00CA7E01B.d.08C35AC2D8835A90FE02274DE744458E.e.25"}} | headers=HTTPHeaderDict({'Content-Length': '126', 'Content-Type': 'application/json; charset=utf-8', 'cache-control': 'no-cache'})
2025-12-09 03:55:18,725 [DEBUG] Finished Request
2025-12-09 03:55:18,725 [DEBUG] POST http://localhost:56667/session/63d6f02885a06cafda3c9c670bd513bf/execute/sync {'script': "arguments[0].scrollIntoView({behavior: 'smooth', block: 'center'});", 'args': [{'element-6066-11e4-a52e-4f735466cecf': 'f.3B33201F9A21D0E22E9717E00CA7E01B.d.08C35AC2D8835A90FE02274DE744458E.e.25'}]}
2025-12-09 03:55:18,732 [DEBUG] http://localhost:56667 "POST /session/63d6f02885a06cafda3c9c670bd513bf/execute/sync HTTP/1.1" 200 0
2025-12-09 03:55:18,733 [DEBUG] Remote response: status=200 | data={"value":null} | headers=HTTPHeaderDict({'Content-Length': '14', 'Content-Type': 'application/json; charset=utf-8', 'cache-control': 'no-cache'})
2025-12-09 03:55:18,733 [DEBUG] Finished Request
2025-12-09 03:55:19,734 [DEBUG] POST http://localhost:56667/session/63d6f02885a06cafda3c9c670bd513bf/execute/sync {'script': 'arguments[0].click();', 'args': [{'element-6066-11e4-a52e-4f735466cecf': 'f.3B33201F9A21D0E22E9717E00CA7E01B.d.08C35AC2D8835A90FE02274DE744458E.e.25'}]}
2025-12-09 03:55:19,750 [DEBUG] http://localhost:56667 "POST /session/63d6f02885a06cafda3c9c670bd513bf/execute/sync HTTP/1.1" 200 0
2025-12-09 03:55:19,750 [DEBUG] Remote response: status=200 | data={"value":null} | headers=HTTPHeaderDict({'Content-Length': '14', 'Content-Type': 'application/json; charset=utf-8', 'cache-control': 'no-cache'})
2025-12-09 03:55:19,751 [DEBUG] Finished Request
2025-12-09 03:55:21,751 [DEBUG] POST http://localhost:56667/session/63d6f02885a06cafda3c9c670bd513bf/elements {'using': 'xpath', 'value': "//*[contains(text(), 'Exportar dados em .csv')]"}
2025-12-09 03:55:21,766 [DEBUG] http://localhost:56667 "POST /session/63d6f02885a06cafda3c9c670bd513bf/elements HTTP/1.1" 200 0
2025-12-09 03:55:21,766 [DEBUG] Remote response: status=200 | data={"value":[{"element-6066-11e4-a52e-4f735466cecf":"f.3B33201F9A21D0E22E9717E00CA7E01B.d.08C35AC2D8835A90FE02274DE744458E.e.24"},{"element-6066-11e4-a52e-4f735466cecf":"f.3B33201F9A21D0E22E9717E00CA7E01B.d.08C35AC2D8835A90FE02274DE744458E.e.26"}]} | headers=HTTPHeaderDict({'Content-Length': '245', 'Content-Type': 'application/json; charset=utf-8', 'cache-control': 'no-cache'})
2025-12-09 03:55:21,766 [DEBUG] Finished Request
2025-12-09 03:55:21,767 [DEBUG] GET http://localhost:56667/session/63d6f02885a06cafda3c9c670bd513bf/element/f.3B33201F9A21D0E22E9717E00CA7E01B.d.08C35AC2D8835A90FE02274DE744458E.e.24/rect {}
2025-12-09 03:55:21,778 [DEBUG] http://localhost:56667 "GET /session/63d6f02885a06cafda3c9c670bd513bf/element/f.3B33201F9A21D0E22E9717E00CA7E01B.d.08C35AC2D8835A90FE02274DE744458E.e.24/rect HTTP/1.1" 200 0
2025-12-09 03:55:21,778 [DEBUG] Remote response: status=200 | data={"value":{"height":18,"width":142,"x":2359.875,"y":2890.375}} | headers=HTTPHeaderDict({'Content-Length': '61', 'Content-Type': 'application/json; charset=utf-8', 'cache-control': 'no-cache'})
2025-12-09 03:55:21,779 [DEBUG] Finished Request
2025-12-09 03:55:21,779 [DEBUG] GET http://localhost:56667/session/63d6f02885a06cafda3c9c670bd513bf/element/f.3B33201F9A21D0E22E9717E00CA7E01B.d.08C35AC2D8835A90FE02274DE744458E.e.26/rect {}
2025-12-09 03:55:21,787 [DEBUG] http://localhost:56667 "GET /session/63d6f02885a06cafda3c9c670bd513bf/element/f.3B33201F9A21D0E22E9717E00CA7E01B.d.08C35AC2D8835A90FE02274DE744458E.e.26/rect HTTP/1.1" 200 0
2025-12-09 03:55:21,787 [DEBUG] Remote response: status=200 | data={"value":{"height":18,"width":142,"x":2359.875,"y":2150.125}} | headers=HTTPHeaderDict({'Content-Length': '61', 'Content-Type': 'application/json; charset=utf-8', 'cache-control': 'no-cache'})
2025-12-09 03:55:21,787 [DEBUG] Finished Request
2025-12-09 03:55:21,788 [DEBUG] GET http://localhost:56667/session/63d6f02885a06cafda3c9c670bd513bf/element/f.3B33201F9A21D0E22E9717E00CA7E01B.d.08C35AC2D8835A90FE02274DE744458E.e.26/rect {}
2025-12-09 03:55:21,795 [DEBUG] http://localhost:56667 "GET /session/63d6f02885a06cafda3c9c670bd513bf/element/f.3B33201F9A21D0E22E9717E00CA7E01B.d.08C35AC2D8835A90FE02274DE744458E.e.26/rect HTTP/1.1" 200 0
2025-12-09 03:55:21,796 [DEBUG] Remote response: status=200 | data={"value":{"height":18,"width":142,"x":2359.875,"y":2150.125}} | headers=HTTPHeaderDict({'Content-Length': '61', 'Content-Type': 'application/json; charset=utf-8', 'cache-control': 'no-cache'})
2025-12-09 03:55:21,796 [DEBUG] Finished Request
2025-12-09 03:55:21,796 [INFO] Clicando no botão (Y=2150)...
2025-12-09 03:55:21,796 [DEBUG] POST http://localhost:56667/session/63d6f02885a06cafda3c9c670bd513bf/execute/sync {'script': "arguments[0].scrollIntoView({behavior: 'smooth', block: 'center'});", 'args': [{'element-6066-11e4-a52e-4f735466cecf': 'f.3B33201F9A21D0E22E9717E00CA7E01B.d.08C35AC2D8835A90FE02274DE744458E.e.26'}]}
2025-12-09 03:55:21,802 [DEBUG] http://localhost:56667 "POST /session/63d6f02885a06cafda3c9c670bd513bf/execute/sync HTTP/1.1" 200 0
2025-12-09 03:55:21,802 [DEBUG] Remote response: status=200 | data={"value":null} | headers=HTTPHeaderDict({'Content-Length': '14', 'Content-Type': 'application/json; charset=utf-8', 'cache-control': 'no-cache'})
2025-12-09 03:55:21,802 [DEBUG] Finished Request
2025-12-09 03:55:22,802 [DEBUG] POST http://localhost:56667/session/63d6f02885a06cafda3c9c670bd513bf/execute/sync {'script': 'arguments[0].click();', 'args': [{'element-6066-11e4-a52e-4f735466cecf': 'f.3B33201F9A21D0E22E9717E00CA7E01B.d.08C35AC2D8835A90FE02274DE744458E.e.26'}]}
2025-12-09 03:55:22,809 [DEBUG] http://localhost:56667 "POST /session/63d6f02885a06cafda3c9c670bd513bf/execute/sync HTTP/1.1" 200 0
2025-12-09 03:55:22,810 [DEBUG] Remote response: status=200 | data={"value":null} | headers=HTTPHeaderDict({'Content-Length': '14', 'Content-Type': 'application/json; charset=utf-8', 'cache-control': 'no-cache'})
2025-12-09 03:55:22,810 [DEBUG] Finished Request
2025-12-09 03:55:22,810 [INFO] Aguardando download (timeout=180s)...
2025-12-09 03:55:22,811 [DEBUG]   ... 0s aguardando...
2025-12-09 03:55:27,815 [DEBUG]   ... 5s aguardando...
2025-12-09 03:55:32,820 [DEBUG]   ... 10s aguardando...
2025-12-09 03:55:37,825 [DEBUG]   ... 15s aguardando...
2025-12-09 03:55:42,835 [DEBUG]   ... 20s aguardando...
2025-12-09 03:55:47,839 [DEBUG]   ... 25s aguardando...
2025-12-09 03:55:52,844 [DEBUG]   ... 30s aguardando...
2025-12-09 03:55:57,848 [DEBUG]   ... 35s aguardando...
2025-12-09 03:56:02,852 [DEBUG]   ... 40s aguardando...
2025-12-09 03:56:07,857 [DEBUG]   ... 45s aguardando...
2025-12-09 03:56:12,861 [DEBUG]   ... 50s aguardando...
2025-12-09 03:56:17,865 [DEBUG]   ... 55s aguardando...
2025-12-09 03:56:22,869 [DEBUG]   ... 60s aguardando...
2025-12-09 03:56:27,872 [DEBUG]   ... 65s aguardando...
2025-12-09 03:56:32,876 [DEBUG]   ... 70s aguardando...
2025-12-09 03:56:37,880 [DEBUG]   ... 75s aguardando...
2025-12-09 03:56:42,884 [DEBUG]   ... 80s aguardando...
2025-12-09 03:56:47,888 [DEBUG]   ... 85s aguardando...
2025-12-09 03:56:52,892 [DEBUG]   ... 90s aguardando...
2025-12-09 03:56:57,895 [DEBUG]   ... 95s aguardando...
2025-12-09 03:57:02,900 [DEBUG]   ... 100s aguardando...
2025-12-09 03:57:07,903 [DEBUG]   ... 105s aguardando...
2025-12-09 03:57:12,907 [DEBUG]   ... 110s aguardando...
2025-12-09 03:57:17,911 [DEBUG]   ... 115s aguardando...
2025-12-09 03:57:22,915 [DEBUG]   ... 120s aguardando...
2025-12-09 03:57:27,919 [DEBUG]   ... 125s aguardando...
2025-12-09 03:57:32,924 [DEBUG]   ... 130s aguardando...
2025-12-09 03:57:37,928 [DEBUG]   ... 135s aguardando...
2025-12-09 03:57:42,933 [DEBUG]   ... 140s aguardando...
2025-12-09 03:57:47,938 [DEBUG]   ... 145s aguardando...
2025-12-09 03:57:52,942 [DEBUG]   ... 150s aguardando...
2025-12-09 03:57:57,949 [DEBUG]   ... 155s aguardando...
2025-12-09 03:58:02,954 [DEBUG]   ... 160s aguardando...
2025-12-09 03:58:07,960 [DEBUG]   ... 165s aguardando...
2025-12-09 03:58:12,971 [DEBUG]   ... 170s aguardando...
2025-12-09 03:58:17,976 [DEBUG]   ... 175s aguardando...
2025-12-09 03:58:22,982 [WARNING] Timeout no download de serventias. Tentando novamente...
2025-12-09 03:58:22,983 [INFO] Tentativa 2/3 para serventias
2025-12-09 03:58:22,983 [DEBUG] POST http://localhost:56667/session/63d6f02885a06cafda3c9c670bd513bf/elements {'using': 'xpath', 'value': "//*[contains(text(), 'Ocorreu um erro') or contains(text(), 'Connection lost')]"}
2025-12-09 03:58:23,006 [DEBUG] http://localhost:56667 "POST /session/63d6f02885a06cafda3c9c670bd513bf/elements HTTP/1.1" 200 0
2025-12-09 03:58:23,006 [DEBUG] Remote response: status=200 | data={"value":[{"element-6066-11e4-a52e-4f735466cecf":"f.3B33201F9A21D0E22E9717E00CA7E01B.d.08C35AC2D8835A90FE02274DE744458E.e.29"}]} | headers=HTTPHeaderDict({'Content-Length': '128', 'Content-Type': 'application/json; charset=utf-8', 'cache-control': 'no-cache'})
2025-12-09 03:58:23,007 [DEBUG] Finished Request
2025-12-09 03:58:23,007 [WARNING] Detectado modal de Erro/Conexão Perdida. Tentando recuperar...
2025-12-09 03:58:23,007 [DEBUG] POST http://localhost:56667/session/63d6f02885a06cafda3c9c670bd513bf/elements {'using': 'xpath', 'value': "//button[contains(text(), 'Atualizar') or contains(text(), 'Refresh')]"}
2025-12-09 03:58:23,029 [DEBUG] http://localhost:56667 "POST /session/63d6f02885a06cafda3c9c670bd513bf/elements HTTP/1.1" 200 0
2025-12-09 03:58:23,029 [DEBUG] Remote response: status=200 | data={"value":[{"element-6066-11e4-a52e-4f735466cecf":"f.3B33201F9A21D0E22E9717E00CA7E01B.d.08C35AC2D8835A90FE02274DE744458E.e.30"}]} | headers=HTTPHeaderDict({'Content-Length': '128', 'Content-Type': 'application/json; charset=utf-8', 'cache-control': 'no-cache'})
2025-12-09 03:58:23,030 [DEBUG] Finished Request
2025-12-09 03:58:23,031 [DEBUG] POST http://localhost:56667/session/63d6f02885a06cafda3c9c670bd513bf/execute/sync {'script': '/* isDisplayed */return (function(){return (function(){var g=this||self;\nfunction aa(a){var b=typeof...', 'args': [{'element-6066-11e4-a52e-4f735466cecf': 'f.3B33201F9A21D0E22E9717E00CA7E01B.d.08C35AC2D8835A90FE02274DE744458E.e.30'}]}
2025-12-09 03:58:23,042 [DEBUG] http://localhost:56667 "POST /session/63d6f02885a06cafda3c9c670bd513bf/execute/sync HTTP/1.1" 200 0
2025-12-09 03:58:23,042 [DEBUG] Remote response: status=200 | data={"value":true} | headers=HTTPHeaderDict({'Content-Length': '14', 'Content-Type': 'application/json; charset=utf-8', 'cache-control': 'no-cache'})
2025-12-09 03:58:23,043 [DEBUG] Finished Request
2025-12-09 03:58:23,043 [INFO] Clicando em 'Atualizar'...
2025-12-09 03:58:23,044 [DEBUG] POST http://localhost:56667/session/63d6f02885a06cafda3c9c670bd513bf/execute/sync {'script': 'arguments[0].click();', 'args': [{'element-6066-11e4-a52e-4f735466cecf': 'f.3B33201F9A21D0E22E9717E00CA7E01B.d.08C35AC2D8835A90FE02274DE744458E.e.30'}]}
2025-12-09 03:58:23,063 [DEBUG] http://localhost:56667 "POST /session/63d6f02885a06cafda3c9c670bd513bf/execute/sync HTTP/1.1" 200 0
2025-12-09 03:58:23,064 [DEBUG] Remote response: status=200 | data={"value":null} | headers=HTTPHeaderDict({'Content-Length': '14', 'Content-Type': 'application/json; charset=utf-8', 'cache-control': 'no-cache'})
2025-12-09 03:58:23,064 [DEBUG] Finished Request
2025-12-09 03:58:23,065 [INFO] Aguardando recarregamento da página (15s)...
2025-12-09 03:58:38,066 [DEBUG] POST http://localhost:56667/session/63d6f02885a06cafda3c9c670bd513bf/element {'using': 'xpath', 'value': "//*[contains(text(), 'Serventia') or contains(text(), 'CNS')]"}
2025-12-09 03:58:38,080 [DEBUG] http://localhost:56667 "POST /session/63d6f02885a06cafda3c9c670bd513bf/element HTTP/1.1" 200 0
2025-12-09 03:58:38,080 [DEBUG] Remote response: status=200 | data={"value":{"element-6066-11e4-a52e-4f735466cecf":"f.3B33201F9A21D0E22E9717E00CA7E01B.d.266375EE6756F490391F179559A15C92.e.53"}} | headers=HTTPHeaderDict({'Content-Length': '126', 'Content-Type': 'application/json; charset=utf-8', 'cache-control': 'no-cache'})
2025-12-09 03:58:38,081 [DEBUG] Finished Request
2025-12-09 03:58:38,081 [DEBUG] POST http://localhost:56667/session/63d6f02885a06cafda3c9c670bd513bf/execute/sync {'script': "arguments[0].scrollIntoView({behavior: 'smooth', block: 'center'});", 'args': [{'element-6066-11e4-a52e-4f735466cecf': 'f.3B33201F9A21D0E22E9717E00CA7E01B.d.266375EE6756F490391F179559A15C92.e.53'}]}
2025-12-09 03:58:38,088 [DEBUG] http://localhost:56667 "POST /session/63d6f02885a06cafda3c9c670bd513bf/execute/sync HTTP/1.1" 200 0
2025-12-09 03:58:38,088 [DEBUG] Remote response: status=200 | data={"value":null} | headers=HTTPHeaderDict({'Content-Length': '14', 'Content-Type': 'application/json; charset=utf-8', 'cache-control': 'no-cache'})
2025-12-09 03:58:38,088 [DEBUG] Finished Request
2025-12-09 03:58:39,089 [DEBUG] POST http://localhost:56667/session/63d6f02885a06cafda3c9c670bd513bf/execute/sync {'script': 'arguments[0].click();', 'args': [{'element-6066-11e4-a52e-4f735466cecf': 'f.3B33201F9A21D0E22E9717E00CA7E01B.d.266375EE6756F490391F179559A15C92.e.53'}]}
2025-12-09 03:58:39,114 [DEBUG] http://localhost:56667 "POST /session/63d6f02885a06cafda3c9c670bd513bf/execute/sync HTTP/1.1" 200 0
2025-12-09 03:58:39,115 [DEBUG] Remote response: status=200 | data={"value":null} | headers=HTTPHeaderDict({'Content-Length': '14', 'Content-Type': 'application/json; charset=utf-8', 'cache-control': 'no-cache'})
2025-12-09 03:58:39,115 [DEBUG] Finished Request
2025-12-09 03:58:41,116 [DEBUG] POST http://localhost:56667/session/63d6f02885a06cafda3c9c670bd513bf/elements {'using': 'xpath', 'value': "//*[contains(text(), 'Exportar dados em .csv')]"}
2025-12-09 03:58:41,127 [DEBUG] http://localhost:56667 "POST /session/63d6f02885a06cafda3c9c670bd513bf/elements HTTP/1.1" 200 0
2025-12-09 03:58:41,127 [DEBUG] Remote response: status=200 | data={"value":[{"element-6066-11e4-a52e-4f735466cecf":"f.3B33201F9A21D0E22E9717E00CA7E01B.d.266375EE6756F490391F179559A15C92.e.54"},{"element-6066-11e4-a52e-4f735466cecf":"f.3B33201F9A21D0E22E9717E00CA7E01B.d.266375EE6756F490391F179559A15C92.e.55"}]} | headers=HTTPHeaderDict({'Content-Length': '245', 'Content-Type': 'application/json; charset=utf-8', 'cache-control': 'no-cache'})
2025-12-09 03:58:41,127 [DEBUG] Finished Request
2025-12-09 03:58:41,128 [DEBUG] GET http://localhost:56667/session/63d6f02885a06cafda3c9c670bd513bf/element/f.3B33201F9A21D0E22E9717E00CA7E01B.d.266375EE6756F490391F179559A15C92.e.54/rect {}
2025-12-09 03:58:41,135 [DEBUG] http://localhost:56667 "GET /session/63d6f02885a06cafda3c9c670bd513bf/element/f.3B33201F9A21D0E22E9717E00CA7E01B.d.266375EE6756F490391F179559A15C92.e.54/rect HTTP/1.1" 200 0
2025-12-09 03:58:41,135 [DEBUG] Remote response: status=200 | data={"value":{"height":18,"width":142,"x":2359.875,"y":2890.375}} | headers=HTTPHeaderDict({'Content-Length': '61', 'Content-Type': 'application/json; charset=utf-8', 'cache-control': 'no-cache'})
2025-12-09 03:58:41,136 [DEBUG] Finished Request
2025-12-09 03:58:41,136 [DEBUG] GET http://localhost:56667/session/63d6f02885a06cafda3c9c670bd513bf/element/f.3B33201F9A21D0E22E9717E00CA7E01B.d.266375EE6756F490391F179559A15C92.e.55/rect {}
2025-12-09 03:58:41,147 [DEBUG] http://localhost:56667 "GET /session/63d6f02885a06cafda3c9c670bd513bf/element/f.3B33201F9A21D0E22E9717E00CA7E01B.d.266375EE6756F490391F179559A15C92.e.55/rect HTTP/1.1" 200 0
2025-12-09 03:58:41,147 [DEBUG] Remote response: status=200 | data={"value":{"height":18,"width":142,"x":2359.875,"y":2150.125}} | headers=HTTPHeaderDict({'Content-Length': '61', 'Content-Type': 'application/json; charset=utf-8', 'cache-control': 'no-cache'})
2025-12-09 03:58:41,147 [DEBUG] Finished Request
2025-12-09 03:58:41,148 [DEBUG] GET http://localhost:56667/session/63d6f02885a06cafda3c9c670bd513bf/element/f.3B33201F9A21D0E22E9717E00CA7E01B.d.266375EE6756F490391F179559A15C92.e.55/rect {}
2025-12-09 03:58:41,156 [DEBUG] http://localhost:56667 "GET /session/63d6f02885a06cafda3c9c670bd513bf/element/f.3B33201F9A21D0E22E9717E00CA7E01B.d.266375EE6756F490391F179559A15C92.e.55/rect HTTP/1.1" 200 0
2025-12-09 03:58:41,156 [DEBUG] Remote response: status=200 | data={"value":{"height":18,"width":142,"x":2359.875,"y":2150.125}} | headers=HTTPHeaderDict({'Content-Length': '61', 'Content-Type': 'application/json; charset=utf-8', 'cache-control': 'no-cache'})
2025-12-09 03:58:41,157 [DEBUG] Finished Request
2025-12-09 03:58:41,157 [INFO] Clicando no botão (Y=2150)...
2025-12-09 03:58:41,157 [DEBUG] POST http://localhost:56667/session/63d6f02885a06cafda3c9c670bd513bf/execute/sync {'script': "arguments[0].scrollIntoView({behavior: 'smooth', block: 'center'});", 'args': [{'element-6066-11e4-a52e-4f735466cecf': 'f.3B33201F9A21D0E22E9717E00CA7E01B.d.266375EE6756F490391F179559A15C92.e.55'}]}
2025-12-09 03:58:41,168 [DEBUG] http://localhost:56667 "POST /session/63d6f02885a06cafda3c9c670bd513bf/execute/sync HTTP/1.1" 200 0
2025-12-09 03:58:41,168 [DEBUG] Remote response: status=200 | data={"value":null} | headers=HTTPHeaderDict({'Content-Length': '14', 'Content-Type': 'application/json; charset=utf-8', 'cache-control': 'no-cache'})
2025-12-09 03:58:41,168 [DEBUG] Finished Request
2025-12-09 03:58:42,169 [DEBUG] POST http://localhost:56667/session/63d6f02885a06cafda3c9c670bd513bf/execute/sync {'script': 'arguments[0].click();', 'args': [{'element-6066-11e4-a52e-4f735466cecf': 'f.3B33201F9A21D0E22E9717E00CA7E01B.d.266375EE6756F490391F179559A15C92.e.55'}]}
2025-12-09 03:58:42,176 [DEBUG] http://localhost:56667 "POST /session/63d6f02885a06cafda3c9c670bd513bf/execute/sync HTTP/1.1" 200 0
2025-12-09 03:58:42,177 [DEBUG] Remote response: status=200 | data={"value":null} | headers=HTTPHeaderDict({'Content-Length': '14', 'Content-Type': 'application/json; charset=utf-8', 'cache-control': 'no-cache'})
2025-12-09 03:58:42,177 [DEBUG] Finished Request
2025-12-09 03:58:42,177 [INFO] Aguardando download (timeout=180s)...
2025-12-09 03:58:42,178 [DEBUG]   ... 0s aguardando...
2025-12-09 03:58:47,183 [DEBUG]   ... 5s aguardando...
2025-12-09 03:58:52,187 [DEBUG]   ... 10s aguardando...
2025-12-09 03:58:57,191 [DEBUG]   ... 15s aguardando...
2025-12-09 03:59:02,195 [DEBUG]   ... 20s aguardando...
2025-12-09 03:59:07,199 [DEBUG]   ... 25s aguardando...
2025-12-09 03:59:12,203 [DEBUG]   ... 30s aguardando...
2025-12-09 03:59:17,207 [DEBUG]   ... 35s aguardando...
2025-12-09 03:59:22,212 [DEBUG]   ... 40s aguardando...
2025-12-09 03:59:27,217 [DEBUG]   ... 45s aguardando...
2025-12-09 03:59:32,228 [DEBUG]   ... 50s aguardando...
2025-12-09 03:59:37,232 [DEBUG]   ... 55s aguardando...
2025-12-09 03:59:42,236 [DEBUG]   ... 60s aguardando...
2025-12-09 03:59:47,246 [DEBUG]   ... 65s aguardando...
2025-12-09 03:59:52,250 [DEBUG]   ... 70s aguardando...
2025-12-09 03:59:57,253 [DEBUG]   ... 75s aguardando...
2025-12-09 04:00:02,258 [DEBUG]   ... 80s aguardando...
2025-12-09 04:00:07,263 [DEBUG]   ... 85s aguardando...
2025-12-09 04:00:12,270 [DEBUG]   ... 90s aguardando...
2025-12-09 04:00:17,281 [DEBUG]   ... 95s aguardando...
2025-12-09 04:00:22,286 [DEBUG]   ... 100s aguardando...
2025-12-09 04:00:27,291 [DEBUG]   ... 105s aguardando...
2025-12-09 04:00:32,297 [DEBUG]   ... 110s aguardando...
2025-12-09 04:00:37,301 [DEBUG]   ... 115s aguardando...
2025-12-09 04:00:42,305 [DEBUG]   ... 120s aguardando...
2025-12-09 04:00:47,323 [DEBUG]   ... 125s aguardando...
2025-12-09 04:00:52,329 [DEBUG]   ... 130s aguardando...
2025-12-09 04:00:57,333 [DEBUG]   ... 135s aguardando...
2025-12-09 04:01:02,337 [DEBUG]   ... 140s aguardando...
2025-12-09 04:01:07,342 [DEBUG]   ... 145s aguardando...
2025-12-09 04:01:12,346 [DEBUG]   ... 150s aguardando...
2025-12-09 04:01:17,350 [DEBUG]   ... 155s aguardando...
2025-12-09 04:01:22,354 [DEBUG]   ... 160s aguardando...
2025-12-09 04:01:27,358 [DEBUG]   ... 165s aguardando...
2025-12-09 04:01:32,365 [DEBUG]   ... 170s aguardando...
2025-12-09 04:01:37,370 [DEBUG]   ... 175s aguardando...
2025-12-09 04:01:42,383 [WARNING] Timeout no download de serventias. Tentando novamente...
2025-12-09 04:01:42,384 [INFO] Tentativa 3/3 para serventias
2025-12-09 04:01:42,385 [DEBUG] POST http://localhost:56667/session/63d6f02885a06cafda3c9c670bd513bf/elements {'using': 'xpath', 'value': "//*[contains(text(), 'Ocorreu um erro') or contains(text(), 'Connection lost')]"}
2025-12-09 04:01:42,404 [DEBUG] http://localhost:56667 "POST /session/63d6f02885a06cafda3c9c670bd513bf/elements HTTP/1.1" 200 0
2025-12-09 04:01:42,404 [DEBUG] Remote response: status=200 | data={"value":[{"element-6066-11e4-a52e-4f735466cecf":"f.3B33201F9A21D0E22E9717E00CA7E01B.d.266375EE6756F490391F179559A15C92.e.58"}]} | headers=HTTPHeaderDict({'Content-Length': '128', 'Content-Type': 'application/json; charset=utf-8', 'cache-control': 'no-cache'})
2025-12-09 04:01:42,405 [DEBUG] Finished Request
2025-12-09 04:01:42,405 [WARNING] Detectado modal de Erro/Conexão Perdida. Tentando recuperar...
2025-12-09 04:01:42,405 [DEBUG] POST http://localhost:56667/session/63d6f02885a06cafda3c9c670bd513bf/elements {'using': 'xpath', 'value': "//button[contains(text(), 'Atualizar') or contains(text(), 'Refresh')]"}
2025-12-09 04:01:42,415 [DEBUG] http://localhost:56667 "POST /session/63d6f02885a06cafda3c9c670bd513bf/elements HTTP/1.1" 200 0
2025-12-09 04:01:42,416 [DEBUG] Remote response: status=200 | data={"value":[{"element-6066-11e4-a52e-4f735466cecf":"f.3B33201F9A21D0E22E9717E00CA7E01B.d.266375EE6756F490391F179559A15C92.e.59"}]} | headers=HTTPHeaderDict({'Content-Length': '128', 'Content-Type': 'application/json; charset=utf-8', 'cache-control': 'no-cache'})
2025-12-09 04:01:42,416 [DEBUG] Finished Request
2025-12-09 04:01:42,416 [DEBUG] POST http://localhost:56667/session/63d6f02885a06cafda3c9c670bd513bf/execute/sync {'script': '/* isDisplayed */return (function(){return (function(){var g=this||self;\nfunction aa(a){var b=typeof...', 'args': [{'element-6066-11e4-a52e-4f735466cecf': 'f.3B33201F9A21D0E22E9717E00CA7E01B.d.266375EE6756F490391F179559A15C92.e.59'}]}
2025-12-09 04:01:42,423 [DEBUG] http://localhost:56667 "POST /session/63d6f02885a06cafda3c9c670bd513bf/execute/sync HTTP/1.1" 200 0
2025-12-09 04:01:42,424 [DEBUG] Remote response: status=200 | data={"value":true} | headers=HTTPHeaderDict({'Content-Length': '14', 'Content-Type': 'application/json; charset=utf-8', 'cache-control': 'no-cache'})
2025-12-09 04:01:42,424 [DEBUG] Finished Request
2025-12-09 04:01:42,424 [INFO] Clicando em 'Atualizar'...
2025-12-09 04:01:42,424 [DEBUG] POST http://localhost:56667/session/63d6f02885a06cafda3c9c670bd513bf/execute/sync {'script': 'arguments[0].click();', 'args': [{'element-6066-11e4-a52e-4f735466cecf': 'f.3B33201F9A21D0E22E9717E00CA7E01B.d.266375EE6756F490391F179559A15C92.e.59'}]}
2025-12-09 04:01:42,448 [DEBUG] http://localhost:56667 "POST /session/63d6f02885a06cafda3c9c670bd513bf/execute/sync HTTP/1.1" 200 0
2025-12-09 04:01:42,449 [DEBUG] Remote response: status=200 | data={"value":null} | headers=HTTPHeaderDict({'Content-Length': '14', 'Content-Type': 'application/json; charset=utf-8', 'cache-control': 'no-cache'})
2025-12-09 04:01:42,449 [DEBUG] Finished Request
2025-12-09 04:01:42,449 [INFO] Aguardando recarregamento da página (15s)...
2025-12-09 04:01:57,450 [DEBUG] POST http://localhost:56667/session/63d6f02885a06cafda3c9c670bd513bf/element {'using': 'xpath', 'value': "//*[contains(text(), 'Serventia') or contains(text(), 'CNS')]"}
2025-12-09 04:01:57,473 [DEBUG] http://localhost:56667 "POST /session/63d6f02885a06cafda3c9c670bd513bf/element HTTP/1.1" 200 0
2025-12-09 04:01:57,474 [DEBUG] Remote response: status=200 | data={"value":{"element-6066-11e4-a52e-4f735466cecf":"f.3B33201F9A21D0E22E9717E00CA7E01B.d.1E86DE54C71B6F3E4033E24C9D4DFBF2.e.82"}} | headers=HTTPHeaderDict({'Content-Length': '126', 'Content-Type': 'application/json; charset=utf-8', 'cache-control': 'no-cache'})
2025-12-09 04:01:57,474 [DEBUG] Finished Request
2025-12-09 04:01:57,475 [DEBUG] POST http://localhost:56667/session/63d6f02885a06cafda3c9c670bd513bf/execute/sync {'script': "arguments[0].scrollIntoView({behavior: 'smooth', block: 'center'});", 'args': [{'element-6066-11e4-a52e-4f735466cecf': 'f.3B33201F9A21D0E22E9717E00CA7E01B.d.1E86DE54C71B6F3E4033E24C9D4DFBF2.e.82'}]}
2025-12-09 04:01:57,480 [DEBUG] http://localhost:56667 "POST /session/63d6f02885a06cafda3c9c670bd513bf/execute/sync HTTP/1.1" 200 0
2025-12-09 04:01:57,481 [DEBUG] Remote response: status=200 | data={"value":null} | headers=HTTPHeaderDict({'Content-Length': '14', 'Content-Type': 'application/json; charset=utf-8', 'cache-control': 'no-cache'})
2025-12-09 04:01:57,481 [DEBUG] Finished Request
2025-12-09 04:01:58,482 [DEBUG] POST http://localhost:56667/session/63d6f02885a06cafda3c9c670bd513bf/execute/sync {'script': 'arguments[0].click();', 'args': [{'element-6066-11e4-a52e-4f735466cecf': 'f.3B33201F9A21D0E22E9717E00CA7E01B.d.1E86DE54C71B6F3E4033E24C9D4DFBF2.e.82'}]}
2025-12-09 04:01:58,495 [DEBUG] http://localhost:56667 "POST /session/63d6f02885a06cafda3c9c670bd513bf/execute/sync HTTP/1.1" 200 0
2025-12-09 04:01:58,496 [DEBUG] Remote response: status=200 | data={"value":null} | headers=HTTPHeaderDict({'Content-Length': '14', 'Content-Type': 'application/json; charset=utf-8', 'cache-control': 'no-cache'})
2025-12-09 04:01:58,496 [DEBUG] Finished Request
2025-12-09 04:02:00,497 [DEBUG] POST http://localhost:56667/session/63d6f02885a06cafda3c9c670bd513bf/elements {'using': 'xpath', 'value': "//*[contains(text(), 'Exportar dados em .csv')]"}
2025-12-09 04:02:00,510 [DEBUG] http://localhost:56667 "POST /session/63d6f02885a06cafda3c9c670bd513bf/elements HTTP/1.1" 200 0
2025-12-09 04:02:00,510 [DEBUG] Remote response: status=200 | data={"value":[{"element-6066-11e4-a52e-4f735466cecf":"f.3B33201F9A21D0E22E9717E00CA7E01B.d.1E86DE54C71B6F3E4033E24C9D4DFBF2.e.83"},{"element-6066-11e4-a52e-4f735466cecf":"f.3B33201F9A21D0E22E9717E00CA7E01B.d.1E86DE54C71B6F3E4033E24C9D4DFBF2.e.84"}]} | headers=HTTPHeaderDict({'Content-Length': '245', 'Content-Type': 'application/json; charset=utf-8', 'cache-control': 'no-cache'})
2025-12-09 04:02:00,510 [DEBUG] Finished Request
2025-12-09 04:02:00,511 [DEBUG] GET http://localhost:56667/session/63d6f02885a06cafda3c9c670bd513bf/element/f.3B33201F9A21D0E22E9717E00CA7E01B.d.1E86DE54C71B6F3E4033E24C9D4DFBF2.e.83/rect {}
2025-12-09 04:02:00,518 [DEBUG] http://localhost:56667 "GET /session/63d6f02885a06cafda3c9c670bd513bf/element/f.3B33201F9A21D0E22E9717E00CA7E01B.d.1E86DE54C71B6F3E4033E24C9D4DFBF2.e.83/rect HTTP/1.1" 200 0
2025-12-09 04:02:00,518 [DEBUG] Remote response: status=200 | data={"value":{"height":18,"width":142,"x":2359.875,"y":2890.375}} | headers=HTTPHeaderDict({'Content-Length': '61', 'Content-Type': 'application/json; charset=utf-8', 'cache-control': 'no-cache'})
2025-12-09 04:02:00,518 [DEBUG] Finished Request
2025-12-09 04:02:00,519 [DEBUG] GET http://localhost:56667/session/63d6f02885a06cafda3c9c670bd513bf/element/f.3B33201F9A21D0E22E9717E00CA7E01B.d.1E86DE54C71B6F3E4033E24C9D4DFBF2.e.84/rect {}
2025-12-09 04:02:00,528 [DEBUG] http://localhost:56667 "GET /session/63d6f02885a06cafda3c9c670bd513bf/element/f.3B33201F9A21D0E22E9717E00CA7E01B.d.1E86DE54C71B6F3E4033E24C9D4DFBF2.e.84/rect HTTP/1.1" 200 0
2025-12-09 04:02:00,528 [DEBUG] Remote response: status=200 | data={"value":{"height":18,"width":142,"x":2359.875,"y":2150.125}} | headers=HTTPHeaderDict({'Content-Length': '61', 'Content-Type': 'application/json; charset=utf-8', 'cache-control': 'no-cache'})
2025-12-09 04:02:00,528 [DEBUG] Finished Request
2025-12-09 04:02:00,529 [DEBUG] GET http://localhost:56667/session/63d6f02885a06cafda3c9c670bd513bf/element/f.3B33201F9A21D0E22E9717E00CA7E01B.d.1E86DE54C71B6F3E4033E24C9D4DFBF2.e.84/rect {}
2025-12-09 04:02:00,537 [DEBUG] http://localhost:56667 "GET /session/63d6f02885a06cafda3c9c670bd513bf/element/f.3B33201F9A21D0E22E9717E00CA7E01B.d.1E86DE54C71B6F3E4033E24C9D4DFBF2.e.84/rect HTTP/1.1" 200 0
2025-12-09 04:02:00,537 [DEBUG] Remote response: status=200 | data={"value":{"height":18,"width":142,"x":2359.875,"y":2150.125}} | headers=HTTPHeaderDict({'Content-Length': '61', 'Content-Type': 'application/json; charset=utf-8', 'cache-control': 'no-cache'})
2025-12-09 04:02:00,537 [DEBUG] Finished Request
2025-12-09 04:02:00,537 [INFO] Clicando no botão (Y=2150)...
2025-12-09 04:02:00,538 [DEBUG] POST http://localhost:56667/session/63d6f02885a06cafda3c9c670bd513bf/execute/sync {'script': "arguments[0].scrollIntoView({behavior: 'smooth', block: 'center'});", 'args': [{'element-6066-11e4-a52e-4f735466cecf': 'f.3B33201F9A21D0E22E9717E00CA7E01B.d.1E86DE54C71B6F3E4033E24C9D4DFBF2.e.84'}]}
2025-12-09 04:02:00,546 [DEBUG] http://localhost:56667 "POST /session/63d6f02885a06cafda3c9c670bd513bf/execute/sync HTTP/1.1" 200 0
2025-12-09 04:02:00,546 [DEBUG] Remote response: status=200 | data={"value":null} | headers=HTTPHeaderDict({'Content-Length': '14', 'Content-Type': 'application/json; charset=utf-8', 'cache-control': 'no-cache'})
2025-12-09 04:02:00,546 [DEBUG] Finished Request
2025-12-09 04:02:01,547 [DEBUG] POST http://localhost:56667/session/63d6f02885a06cafda3c9c670bd513bf/execute/sync {'script': 'arguments[0].click();', 'args': [{'element-6066-11e4-a52e-4f735466cecf': 'f.3B33201F9A21D0E22E9717E00CA7E01B.d.1E86DE54C71B6F3E4033E24C9D4DFBF2.e.84'}]}
2025-12-09 04:02:01,554 [DEBUG] http://localhost:56667 "POST /session/63d6f02885a06cafda3c9c670bd513bf/execute/sync HTTP/1.1" 200 0
2025-12-09 04:02:01,554 [DEBUG] Remote response: status=200 | data={"value":null} | headers=HTTPHeaderDict({'Content-Length': '14', 'Content-Type': 'application/json; charset=utf-8', 'cache-control': 'no-cache'})
2025-12-09 04:02:01,554 [DEBUG] Finished Request
2025-12-09 04:02:01,555 [INFO] Aguardando download (timeout=180s)...
2025-12-09 04:02:01,555 [DEBUG]   ... 0s aguardando...
2025-12-09 04:02:06,560 [DEBUG]   ... 5s aguardando...
2025-12-09 04:02:11,566 [DEBUG]   ... 10s aguardando...
2025-12-09 04:02:16,572 [DEBUG]   ... 15s aguardando...
2025-12-09 04:02:21,576 [DEBUG]   ... 20s aguardando...
2025-12-09 04:02:26,581 [DEBUG]   ... 25s aguardando...
2025-12-09 04:02:31,588 [DEBUG]   ... 30s aguardando...
2025-12-09 04:02:36,593 [DEBUG]   ... 35s aguardando...
2025-12-09 04:02:41,605 [DEBUG]   ... 40s aguardando...
2025-12-09 04:02:46,609 [DEBUG]   ... 45s aguardando...
2025-12-09 04:02:51,613 [DEBUG]   ... 50s aguardando...
2025-12-09 04:02:56,617 [DEBUG]   ... 55s aguardando...
2025-12-09 04:03:01,626 [DEBUG]   ... 60s aguardando...
2025-12-09 04:03:06,630 [DEBUG]   ... 65s aguardando...
2025-12-09 04:03:11,634 [DEBUG]   ... 70s aguardando...
2025-12-09 04:03:16,640 [DEBUG]   ... 75s aguardando...
2025-12-09 04:03:21,644 [DEBUG]   ... 80s aguardando...
2025-12-09 04:03:26,648 [DEBUG]   ... 85s aguardando...
2025-12-09 04:03:31,657 [DEBUG]   ... 90s aguardando...
2025-12-09 04:03:36,662 [DEBUG]   ... 95s aguardando...
2025-12-09 04:03:41,666 [DEBUG]   ... 100s aguardando...
2025-12-09 04:03:46,671 [DEBUG]   ... 105s aguardando...
2025-12-09 04:03:51,675 [DEBUG]   ... 110s aguardando...
2025-12-09 04:03:56,679 [DEBUG]   ... 115s aguardando...
2025-12-09 04:04:01,685 [DEBUG]   ... 120s aguardando...
2025-12-09 04:04:06,689 [DEBUG]   ... 125s aguardando...
2025-12-09 04:04:11,693 [DEBUG]   ... 130s aguardando...
2025-12-09 04:04:16,698 [DEBUG]   ... 135s aguardando...
2025-12-09 04:04:21,701 [DEBUG]   ... 140s aguardando...
2025-12-09 04:04:26,705 [DEBUG]   ... 145s aguardando...
2025-12-09 04:04:31,709 [DEBUG]   ... 150s aguardando...
2025-12-09 04:04:36,713 [DEBUG]   ... 155s aguardando...
2025-12-09 04:04:41,717 [DEBUG]   ... 160s aguardando...
2025-12-09 04:04:46,720 [DEBUG]   ... 165s aguardando...
2025-12-09 04:04:51,725 [DEBUG]   ... 170s aguardando...
2025-12-09 04:04:56,729 [DEBUG]   ... 175s aguardando...
2025-12-09 04:05:01,736 [WARNING] Timeout no download de serventias. Tentando novamente...
2025-12-09 04:05:01,737 [ERROR] FALHA FATAL: Não foi possível baixar serventias após 3 tentativas.
2025-12-09 04:05:01,737 [INFO] 
--- Processando Tabela 2: ARRECADACAO ---
2025-12-09 04:05:01,737 [INFO] Aguardando 10 segundos antes da próxima tabela...
2025-12-09 04:05:11,738 [INFO] Tentativa 1/3 para arrecadacao
2025-12-09 04:05:11,739 [DEBUG] POST http://localhost:56667/session/63d6f02885a06cafda3c9c670bd513bf/elements {'using': 'xpath', 'value': "//*[contains(text(), 'Ocorreu um erro') or contains(text(), 'Connection lost')]"}
2025-12-09 04:05:11,753 [DEBUG] http://localhost:56667 "POST /session/63d6f02885a06cafda3c9c670bd513bf/elements HTTP/1.1" 200 0
2025-12-09 04:05:11,753 [DEBUG] Remote response: status=200 | data={"value":[{"element-6066-11e4-a52e-4f735466cecf":"f.3B33201F9A21D0E22E9717E00CA7E01B.d.1E86DE54C71B6F3E4033E24C9D4DFBF2.e.87"}]} | headers=HTTPHeaderDict({'Content-Length': '128', 'Content-Type': 'application/json; charset=utf-8', 'cache-control': 'no-cache'})
2025-12-09 04:05:11,754 [DEBUG] Finished Request
2025-12-09 04:05:11,754 [WARNING] Detectado modal de Erro/Conexão Perdida. Tentando recuperar...
2025-12-09 04:05:11,754 [DEBUG] POST http://localhost:56667/session/63d6f02885a06cafda3c9c670bd513bf/elements {'using': 'xpath', 'value': "//button[contains(text(), 'Atualizar') or contains(text(), 'Refresh')]"}
2025-12-09 04:05:11,764 [DEBUG] http://localhost:56667 "POST /session/63d6f02885a06cafda3c9c670bd513bf/elements HTTP/1.1" 200 0
2025-12-09 04:05:11,764 [DEBUG] Remote response: status=200 | data={"value":[{"element-6066-11e4-a52e-4f735466cecf":"f.3B33201F9A21D0E22E9717E00CA7E01B.d.1E86DE54C71B6F3E4033E24C9D4DFBF2.e.88"}]} | headers=HTTPHeaderDict({'Content-Length': '128', 'Content-Type': 'application/json; charset=utf-8', 'cache-control': 'no-cache'})
2025-12-09 04:05:11,764 [DEBUG] Finished Request
2025-12-09 04:05:11,765 [DEBUG] POST http://localhost:56667/session/63d6f02885a06cafda3c9c670bd513bf/execute/sync {'script': '/* isDisplayed */return (function(){return (function(){var g=this||self;\nfunction aa(a){var b=typeof...', 'args': [{'element-6066-11e4-a52e-4f735466cecf': 'f.3B33201F9A21D0E22E9717E00CA7E01B.d.1E86DE54C71B6F3E4033E24C9D4DFBF2.e.88'}]}
2025-12-09 04:05:11,773 [DEBUG] http://localhost:56667 "POST /session/63d6f02885a06cafda3c9c670bd513bf/execute/sync HTTP/1.1" 200 0
2025-12-09 04:05:11,773 [DEBUG] Remote response: status=200 | data={"value":true} | headers=HTTPHeaderDict({'Content-Length': '14', 'Content-Type': 'application/json; charset=utf-8', 'cache-control': 'no-cache'})
2025-12-09 04:05:11,773 [DEBUG] Finished Request
2025-12-09 04:05:11,774 [INFO] Clicando em 'Atualizar'...
2025-12-09 04:05:11,774 [DEBUG] POST http://localhost:56667/session/63d6f02885a06cafda3c9c670bd513bf/execute/sync {'script': 'arguments[0].click();', 'args': [{'element-6066-11e4-a52e-4f735466cecf': 'f.3B33201F9A21D0E22E9717E00CA7E01B.d.1E86DE54C71B6F3E4033E24C9D4DFBF2.e.88'}]}
2025-12-09 04:05:11,801 [DEBUG] http://localhost:56667 "POST /session/63d6f02885a06cafda3c9c670bd513bf/execute/sync HTTP/1.1" 200 0
2025-12-09 04:05:11,802 [DEBUG] Remote response: status=200 | data={"value":null} | headers=HTTPHeaderDict({'Content-Length': '14', 'Content-Type': 'application/json; charset=utf-8', 'cache-control': 'no-cache'})
2025-12-09 04:05:11,802 [DEBUG] Finished Request
2025-12-09 04:05:11,802 [INFO] Aguardando recarregamento da página (15s)...
2025-12-09 04:05:26,804 [DEBUG] POST http://localhost:56667/session/63d6f02885a06cafda3c9c670bd513bf/element {'using': 'xpath', 'value': "//*[contains(text(), 'Atos, arrecadação')]"}
2025-12-09 04:05:26,831 [DEBUG] http://localhost:56667 "POST /session/63d6f02885a06cafda3c9c670bd513bf/element HTTP/1.1" 200 0
2025-12-09 04:05:26,832 [DEBUG] Remote response: status=200 | data={"value":{"element-6066-11e4-a52e-4f735466cecf":"f.3B33201F9A21D0E22E9717E00CA7E01B.d.989CAC74620A5757C7073BF826F9B7E5.e.111"}} | headers=HTTPHeaderDict({'Content-Length': '127', 'Content-Type': 'application/json; charset=utf-8', 'cache-control': 'no-cache'})
2025-12-09 04:05:26,832 [DEBUG] Finished Request
2025-12-09 04:05:26,832 [DEBUG] POST http://localhost:56667/session/63d6f02885a06cafda3c9c670bd513bf/execute/sync {'script': "arguments[0].scrollIntoView({behavior: 'smooth', block: 'center'});", 'args': [{'element-6066-11e4-a52e-4f735466cecf': 'f.3B33201F9A21D0E22E9717E00CA7E01B.d.989CAC74620A5757C7073BF826F9B7E5.e.111'}]}
2025-12-09 04:05:26,840 [DEBUG] http://localhost:56667 "POST /session/63d6f02885a06cafda3c9c670bd513bf/execute/sync HTTP/1.1" 200 0
2025-12-09 04:05:26,840 [DEBUG] Remote response: status=200 | data={"value":null} | headers=HTTPHeaderDict({'Content-Length': '14', 'Content-Type': 'application/json; charset=utf-8', 'cache-control': 'no-cache'})
2025-12-09 04:05:26,841 [DEBUG] Finished Request
2025-12-09 04:05:27,842 [DEBUG] POST http://localhost:56667/session/63d6f02885a06cafda3c9c670bd513bf/execute/sync {'script': 'arguments[0].click();', 'args': [{'element-6066-11e4-a52e-4f735466cecf': 'f.3B33201F9A21D0E22E9717E00CA7E01B.d.989CAC74620A5757C7073BF826F9B7E5.e.111'}]}
2025-12-09 04:05:27,848 [DEBUG] http://localhost:56667 "POST /session/63d6f02885a06cafda3c9c670bd513bf/execute/sync HTTP/1.1" 200 0
2025-12-09 04:05:27,848 [DEBUG] Remote response: status=200 | data={"value":null} | headers=HTTPHeaderDict({'Content-Length': '14', 'Content-Type': 'application/json; charset=utf-8', 'cache-control': 'no-cache'})
2025-12-09 04:05:27,848 [DEBUG] Finished Request
2025-12-09 04:05:29,850 [DEBUG] POST http://localhost:56667/session/63d6f02885a06cafda3c9c670bd513bf/elements {'using': 'xpath', 'value': "//*[contains(text(), 'Exportar dados em .csv')]"}
2025-12-09 04:05:29,861 [DEBUG] http://localhost:56667 "POST /session/63d6f02885a06cafda3c9c670bd513bf/elements HTTP/1.1" 200 0
2025-12-09 04:05:29,862 [DEBUG] Remote response: status=200 | data={"value":[{"element-6066-11e4-a52e-4f735466cecf":"f.3B33201F9A21D0E22E9717E00CA7E01B.d.989CAC74620A5757C7073BF826F9B7E5.e.112"},{"element-6066-11e4-a52e-4f735466cecf":"f.3B33201F9A21D0E22E9717E00CA7E01B.d.989CAC74620A5757C7073BF826F9B7E5.e.113"}]} | headers=HTTPHeaderDict({'Content-Length': '247', 'Content-Type': 'application/json; charset=utf-8', 'cache-control': 'no-cache'})
2025-12-09 04:05:29,862 [DEBUG] Finished Request
2025-12-09 04:05:29,862 [DEBUG] GET http://localhost:56667/session/63d6f02885a06cafda3c9c670bd513bf/element/f.3B33201F9A21D0E22E9717E00CA7E01B.d.989CAC74620A5757C7073BF826F9B7E5.e.112/rect {}
2025-12-09 04:05:29,875 [DEBUG] http://localhost:56667 "GET /session/63d6f02885a06cafda3c9c670bd513bf/element/f.3B33201F9A21D0E22E9717E00CA7E01B.d.989CAC74620A5757C7073BF826F9B7E5.e.112/rect HTTP/1.1" 200 0
2025-12-09 04:05:29,875 [DEBUG] Remote response: status=200 | data={"value":{"height":18,"width":142,"x":2359.875,"y":1193.375}} | headers=HTTPHeaderDict({'Content-Length': '61', 'Content-Type': 'application/json; charset=utf-8', 'cache-control': 'no-cache'})
2025-12-09 04:05:29,876 [DEBUG] Finished Request
2025-12-09 04:05:29,876 [DEBUG] GET http://localhost:56667/session/63d6f02885a06cafda3c9c670bd513bf/element/f.3B33201F9A21D0E22E9717E00CA7E01B.d.989CAC74620A5757C7073BF826F9B7E5.e.113/rect {}
2025-12-09 04:05:29,886 [DEBUG] http://localhost:56667 "GET /session/63d6f02885a06cafda3c9c670bd513bf/element/f.3B33201F9A21D0E22E9717E00CA7E01B.d.989CAC74620A5757C7073BF826F9B7E5.e.113/rect HTTP/1.1" 200 0
2025-12-09 04:05:29,886 [DEBUG] Remote response: status=200 | data={"value":{"height":18,"width":142,"x":2359.875,"y":453.125}} | headers=HTTPHeaderDict({'Content-Length': '60', 'Content-Type': 'application/json; charset=utf-8', 'cache-control': 'no-cache'})
2025-12-09 04:05:29,887 [DEBUG] Finished Request
2025-12-09 04:05:29,887 [DEBUG] GET http://localhost:56667/session/63d6f02885a06cafda3c9c670bd513bf/element/f.3B33201F9A21D0E22E9717E00CA7E01B.d.989CAC74620A5757C7073BF826F9B7E5.e.112/rect {}
2025-12-09 04:05:29,905 [DEBUG] http://localhost:56667 "GET /session/63d6f02885a06cafda3c9c670bd513bf/element/f.3B33201F9A21D0E22E9717E00CA7E01B.d.989CAC74620A5757C7073BF826F9B7E5.e.112/rect HTTP/1.1" 200 0
2025-12-09 04:05:29,906 [DEBUG] Remote response: status=200 | data={"value":{"height":18,"width":142,"x":2359.875,"y":1193.375}} | headers=HTTPHeaderDict({'Content-Length': '61', 'Content-Type': 'application/json; charset=utf-8', 'cache-control': 'no-cache'})
2025-12-09 04:05:29,908 [DEBUG] Finished Request
2025-12-09 04:05:29,909 [INFO] Clicando no botão (Y=1193)...
2025-12-09 04:05:29,909 [DEBUG] POST http://localhost:56667/session/63d6f02885a06cafda3c9c670bd513bf/execute/sync {'script': "arguments[0].scrollIntoView({behavior: 'smooth', block: 'center'});", 'args': [{'element-6066-11e4-a52e-4f735466cecf': 'f.3B33201F9A21D0E22E9717E00CA7E01B.d.989CAC74620A5757C7073BF826F9B7E5.e.112'}]}
2025-12-09 04:05:29,925 [DEBUG] http://localhost:56667 "POST /session/63d6f02885a06cafda3c9c670bd513bf/execute/sync HTTP/1.1" 200 0
2025-12-09 04:05:29,926 [DEBUG] Remote response: status=200 | data={"value":null} | headers=HTTPHeaderDict({'Content-Length': '14', 'Content-Type': 'application/json; charset=utf-8', 'cache-control': 'no-cache'})
2025-12-09 04:05:29,926 [DEBUG] Finished Request
2025-12-09 04:05:30,927 [DEBUG] POST http://localhost:56667/session/63d6f02885a06cafda3c9c670bd513bf/execute/sync {'script': 'arguments[0].click();', 'args': [{'element-6066-11e4-a52e-4f735466cecf': 'f.3B33201F9A21D0E22E9717E00CA7E01B.d.989CAC74620A5757C7073BF826F9B7E5.e.112'}]}
2025-12-09 04:05:30,933 [DEBUG] http://localhost:56667 "POST /session/63d6f02885a06cafda3c9c670bd513bf/execute/sync HTTP/1.1" 200 0
2025-12-09 04:05:30,933 [DEBUG] Remote response: status=200 | data={"value":null} | headers=HTTPHeaderDict({'Content-Length': '14', 'Content-Type': 'application/json; charset=utf-8', 'cache-control': 'no-cache'})
2025-12-09 04:05:30,934 [DEBUG] Finished Request
2025-12-09 04:05:30,934 [INFO] Aguardando download (timeout=180s)...
2025-12-09 04:05:30,934 [DEBUG]   ... 0s aguardando...
2025-12-09 04:05:35,939 [DEBUG]   ... 5s aguardando...
2025-12-09 04:05:40,943 [DEBUG]   ... 10s aguardando...
2025-12-09 04:05:45,948 [DEBUG]   ... 15s aguardando...
2025-12-09 04:05:50,954 [DEBUG]   ... 20s aguardando...
2025-12-09 04:05:55,959 [DEBUG]   ... 25s aguardando...
2025-12-09 04:06:00,963 [DEBUG]   ... 30s aguardando...
2025-12-09 04:06:05,967 [DEBUG]   ... 35s aguardando...
2025-12-09 04:06:10,972 [DEBUG]   ... 40s aguardando...
2025-12-09 04:06:15,977 [DEBUG]   ... 45s aguardando...
2025-12-09 04:06:20,981 [DEBUG]   ... 50s aguardando...
2025-12-09 04:06:25,985 [DEBUG]   ... 55s aguardando...
2025-12-09 04:06:30,992 [DEBUG]   ... 60s aguardando...
2025-12-09 04:06:35,996 [DEBUG]   ... 65s aguardando...
2025-12-09 04:06:41,001 [DEBUG]   ... 70s aguardando...
2025-12-09 04:06:46,006 [DEBUG]   ... 75s aguardando...
2025-12-09 04:06:51,010 [DEBUG]   ... 80s aguardando...
2025-12-09 04:06:56,015 [DEBUG]   ... 85s aguardando...
2025-12-09 04:07:01,019 [DEBUG]   ... 90s aguardando...
2025-12-09 04:07:06,037 [DEBUG]   ... 95s aguardando...
2025-12-09 04:07:11,042 [DEBUG]   ... 100s aguardando...
2025-12-09 04:07:16,055 [DEBUG]   ... 105s aguardando...
2025-12-09 04:07:21,059 [DEBUG]   ... 110s aguardando...
2025-12-09 04:07:26,066 [DEBUG]   ... 115s aguardando...
2025-12-09 04:07:31,070 [DEBUG]   ... 120s aguardando...
2025-12-09 04:07:36,073 [DEBUG]   ... 125s aguardando...
2025-12-09 04:07:41,077 [DEBUG]   ... 130s aguardando...
2025-12-09 04:07:46,084 [DEBUG]   ... 135s aguardando...
2025-12-09 04:07:51,090 [DEBUG]   ... 140s aguardando...
2025-12-09 04:07:56,094 [DEBUG]   ... 145s aguardando...
2025-12-09 04:08:01,097 [DEBUG]   ... 150s aguardando...
2025-12-09 04:08:06,102 [DEBUG]   ... 155s aguardando...
2025-12-09 04:08:11,105 [DEBUG]   ... 160s aguardando...
2025-12-09 04:08:16,110 [DEBUG]   ... 165s aguardando...
2025-12-09 04:08:21,114 [DEBUG]   ... 170s aguardando...
2025-12-09 04:08:26,118 [DEBUG]   ... 175s aguardando...
2025-12-09 04:08:31,122 [WARNING] Timeout no download de arrecadacao. Tentando novamente...
2025-12-09 04:08:31,123 [INFO] Tentativa 2/3 para arrecadacao
2025-12-09 04:08:31,123 [DEBUG] POST http://localhost:56667/session/63d6f02885a06cafda3c9c670bd513bf/elements {'using': 'xpath', 'value': "//*[contains(text(), 'Ocorreu um erro') or contains(text(), 'Connection lost')]"}
2025-12-09 04:08:31,134 [DEBUG] http://localhost:56667 "POST /session/63d6f02885a06cafda3c9c670bd513bf/elements HTTP/1.1" 200 0
2025-12-09 04:08:31,134 [DEBUG] Remote response: status=200 | data={"value":[{"element-6066-11e4-a52e-4f735466cecf":"f.3B33201F9A21D0E22E9717E00CA7E01B.d.989CAC74620A5757C7073BF826F9B7E5.e.118"}]} | headers=HTTPHeaderDict({'Content-Length': '129', 'Content-Type': 'application/json; charset=utf-8', 'cache-control': 'no-cache'})
2025-12-09 04:08:31,134 [DEBUG] Finished Request
2025-12-09 04:08:31,135 [WARNING] Detectado modal de Erro/Conexão Perdida. Tentando recuperar...
2025-12-09 04:08:31,135 [DEBUG] POST http://localhost:56667/session/63d6f02885a06cafda3c9c670bd513bf/elements {'using': 'xpath', 'value': "//button[contains(text(), 'Atualizar') or contains(text(), 'Refresh')]"}
2025-12-09 04:08:31,143 [DEBUG] http://localhost:56667 "POST /session/63d6f02885a06cafda3c9c670bd513bf/elements HTTP/1.1" 200 0
2025-12-09 04:08:31,144 [DEBUG] Remote response: status=200 | data={"value":[{"element-6066-11e4-a52e-4f735466cecf":"f.3B33201F9A21D0E22E9717E00CA7E01B.d.989CAC74620A5757C7073BF826F9B7E5.e.119"}]} | headers=HTTPHeaderDict({'Content-Length': '129', 'Content-Type': 'application/json; charset=utf-8', 'cache-control': 'no-cache'})
2025-12-09 04:08:31,144 [DEBUG] Finished Request
2025-12-09 04:08:31,144 [DEBUG] POST http://localhost:56667/session/63d6f02885a06cafda3c9c670bd513bf/execute/sync {'script': '/* isDisplayed */return (function(){return (function(){var g=this||self;\nfunction aa(a){var b=typeof...', 'args': [{'element-6066-11e4-a52e-4f735466cecf': 'f.3B33201F9A21D0E22E9717E00CA7E01B.d.989CAC74620A5757C7073BF826F9B7E5.e.119'}]}
2025-12-09 04:08:31,150 [DEBUG] http://localhost:56667 "POST /session/63d6f02885a06cafda3c9c670bd513bf/execute/sync HTTP/1.1" 200 0
2025-12-09 04:08:31,151 [DEBUG] Remote response: status=200 | data={"value":true} | headers=HTTPHeaderDict({'Content-Length': '14', 'Content-Type': 'application/json; charset=utf-8', 'cache-control': 'no-cache'})
2025-12-09 04:08:31,151 [DEBUG] Finished Request
2025-12-09 04:08:31,151 [INFO] Clicando em 'Atualizar'...
2025-12-09 04:08:31,151 [DEBUG] POST http://localhost:56667/session/63d6f02885a06cafda3c9c670bd513bf/execute/sync {'script': 'arguments[0].click();', 'args': [{'element-6066-11e4-a52e-4f735466cecf': 'f.3B33201F9A21D0E22E9717E00CA7E01B.d.989CAC74620A5757C7073BF826F9B7E5.e.119'}]}
2025-12-09 04:08:31,170 [DEBUG] http://localhost:56667 "POST /session/63d6f02885a06cafda3c9c670bd513bf/execute/sync HTTP/1.1" 200 0
2025-12-09 04:08:31,171 [DEBUG] Remote response: status=200 | data={"value":null} | headers=HTTPHeaderDict({'Content-Length': '14', 'Content-Type': 'application/json; charset=utf-8', 'cache-control': 'no-cache'})
2025-12-09 04:08:31,171 [DEBUG] Finished Request
2025-12-09 04:08:31,171 [INFO] Aguardando recarregamento da página (15s)...
2025-12-09 04:08:46,172 [DEBUG] POST http://localhost:56667/session/63d6f02885a06cafda3c9c670bd513bf/element {'using': 'xpath', 'value': "//*[contains(text(), 'Atos, arrecadação')]"}
2025-12-09 04:08:46,183 [DEBUG] http://localhost:56667 "POST /session/63d6f02885a06cafda3c9c670bd513bf/element HTTP/1.1" 200 0
2025-12-09 04:08:46,184 [DEBUG] Remote response: status=200 | data={"value":{"element-6066-11e4-a52e-4f735466cecf":"f.3B33201F9A21D0E22E9717E00CA7E01B.d.15441D938BF0115D4B23B31E8A8D7535.e.140"}} | headers=HTTPHeaderDict({'Content-Length': '127', 'Content-Type': 'application/json; charset=utf-8', 'cache-control': 'no-cache'})
2025-12-09 04:08:46,184 [DEBUG] Finished Request
2025-12-09 04:08:46,184 [DEBUG] POST http://localhost:56667/session/63d6f02885a06cafda3c9c670bd513bf/execute/sync {'script': "arguments[0].scrollIntoView({behavior: 'smooth', block: 'center'});", 'args': [{'element-6066-11e4-a52e-4f735466cecf': 'f.3B33201F9A21D0E22E9717E00CA7E01B.d.15441D938BF0115D4B23B31E8A8D7535.e.140'}]}
2025-12-09 04:08:46,189 [DEBUG] http://localhost:56667 "POST /session/63d6f02885a06cafda3c9c670bd513bf/execute/sync HTTP/1.1" 200 0
2025-12-09 04:08:46,189 [DEBUG] Remote response: status=200 | data={"value":null} | headers=HTTPHeaderDict({'Content-Length': '14', 'Content-Type': 'application/json; charset=utf-8', 'cache-control': 'no-cache'})
2025-12-09 04:08:46,190 [DEBUG] Finished Request
2025-12-09 04:08:47,190 [DEBUG] POST http://localhost:56667/session/63d6f02885a06cafda3c9c670bd513bf/execute/sync {'script': 'arguments[0].click();', 'args': [{'element-6066-11e4-a52e-4f735466cecf': 'f.3B33201F9A21D0E22E9717E00CA7E01B.d.15441D938BF0115D4B23B31E8A8D7535.e.140'}]}
2025-12-09 04:08:47,199 [DEBUG] http://localhost:56667 "POST /session/63d6f02885a06cafda3c9c670bd513bf/execute/sync HTTP/1.1" 200 0
2025-12-09 04:08:47,199 [DEBUG] Remote response: status=200 | data={"value":null} | headers=HTTPHeaderDict({'Content-Length': '14', 'Content-Type': 'application/json; charset=utf-8', 'cache-control': 'no-cache'})
2025-12-09 04:08:47,200 [DEBUG] Finished Request
2025-12-09 04:08:49,201 [DEBUG] POST http://localhost:56667/session/63d6f02885a06cafda3c9c670bd513bf/elements {'using': 'xpath', 'value': "//*[contains(text(), 'Exportar dados em .csv')]"}
2025-12-09 04:08:49,214 [DEBUG] http://localhost:56667 "POST /session/63d6f02885a06cafda3c9c670bd513bf/elements HTTP/1.1" 200 0
2025-12-09 04:08:49,214 [DEBUG] Remote response: status=200 | data={"value":[{"element-6066-11e4-a52e-4f735466cecf":"f.3B33201F9A21D0E22E9717E00CA7E01B.d.15441D938BF0115D4B23B31E8A8D7535.e.141"},{"element-6066-11e4-a52e-4f735466cecf":"f.3B33201F9A21D0E22E9717E00CA7E01B.d.15441D938BF0115D4B23B31E8A8D7535.e.142"}]} | headers=HTTPHeaderDict({'Content-Length': '247', 'Content-Type': 'application/json; charset=utf-8', 'cache-control': 'no-cache'})
2025-12-09 04:08:49,214 [DEBUG] Finished Request
2025-12-09 04:08:49,215 [DEBUG] GET http://localhost:56667/session/63d6f02885a06cafda3c9c670bd513bf/element/f.3B33201F9A21D0E22E9717E00CA7E01B.d.15441D938BF0115D4B23B31E8A8D7535.e.141/rect {}
2025-12-09 04:08:49,226 [DEBUG] http://localhost:56667 "GET /session/63d6f02885a06cafda3c9c670bd513bf/element/f.3B33201F9A21D0E22E9717E00CA7E01B.d.15441D938BF0115D4B23B31E8A8D7535.e.141/rect HTTP/1.1" 200 0
2025-12-09 04:08:49,226 [DEBUG] Remote response: status=200 | data={"value":{"height":18,"width":142,"x":2359.875,"y":1193.375}} | headers=HTTPHeaderDict({'Content-Length': '61', 'Content-Type': 'application/json; charset=utf-8', 'cache-control': 'no-cache'})
2025-12-09 04:08:49,227 [DEBUG] Finished Request
2025-12-09 04:08:49,227 [DEBUG] GET http://localhost:56667/session/63d6f02885a06cafda3c9c670bd513bf/element/f.3B33201F9A21D0E22E9717E00CA7E01B.d.15441D938BF0115D4B23B31E8A8D7535.e.142/rect {}
2025-12-09 04:08:49,236 [DEBUG] http://localhost:56667 "GET /session/63d6f02885a06cafda3c9c670bd513bf/element/f.3B33201F9A21D0E22E9717E00CA7E01B.d.15441D938BF0115D4B23B31E8A8D7535.e.142/rect HTTP/1.1" 200 0
2025-12-09 04:08:49,237 [DEBUG] Remote response: status=200 | data={"value":{"height":18,"width":142,"x":2359.875,"y":453.125}} | headers=HTTPHeaderDict({'Content-Length': '60', 'Content-Type': 'application/json; charset=utf-8', 'cache-control': 'no-cache'})
2025-12-09 04:08:49,237 [DEBUG] Finished Request
2025-12-09 04:08:49,237 [DEBUG] GET http://localhost:56667/session/63d6f02885a06cafda3c9c670bd513bf/element/f.3B33201F9A21D0E22E9717E00CA7E01B.d.15441D938BF0115D4B23B31E8A8D7535.e.141/rect {}
2025-12-09 04:08:49,248 [DEBUG] http://localhost:56667 "GET /session/63d6f02885a06cafda3c9c670bd513bf/element/f.3B33201F9A21D0E22E9717E00CA7E01B.d.15441D938BF0115D4B23B31E8A8D7535.e.141/rect HTTP/1.1" 200 0
2025-12-09 04:08:49,248 [DEBUG] Remote response: status=200 | data={"value":{"height":18,"width":142,"x":2359.875,"y":1193.375}} | headers=HTTPHeaderDict({'Content-Length': '61', 'Content-Type': 'application/json; charset=utf-8', 'cache-control': 'no-cache'})
2025-12-09 04:08:49,249 [DEBUG] Finished Request
2025-12-09 04:08:49,249 [INFO] Clicando no botão (Y=1193)...
2025-12-09 04:08:49,249 [DEBUG] POST http://localhost:56667/session/63d6f02885a06cafda3c9c670bd513bf/execute/sync {'script': "arguments[0].scrollIntoView({behavior: 'smooth', block: 'center'});", 'args': [{'element-6066-11e4-a52e-4f735466cecf': 'f.3B33201F9A21D0E22E9717E00CA7E01B.d.15441D938BF0115D4B23B31E8A8D7535.e.141'}]}
2025-12-09 04:08:49,256 [DEBUG] http://localhost:56667 "POST /session/63d6f02885a06cafda3c9c670bd513bf/execute/sync HTTP/1.1" 200 0
2025-12-09 04:08:49,256 [DEBUG] Remote response: status=200 | data={"value":null} | headers=HTTPHeaderDict({'Content-Length': '14', 'Content-Type': 'application/json; charset=utf-8', 'cache-control': 'no-cache'})
2025-12-09 04:08:49,256 [DEBUG] Finished Request
2025-12-09 04:08:50,257 [DEBUG] POST http://localhost:56667/session/63d6f02885a06cafda3c9c670bd513bf/execute/sync {'script': 'arguments[0].click();', 'args': [{'element-6066-11e4-a52e-4f735466cecf': 'f.3B33201F9A21D0E22E9717E00CA7E01B.d.15441D938BF0115D4B23B31E8A8D7535.e.141'}]}
2025-12-09 04:08:50,262 [DEBUG] http://localhost:56667 "POST /session/63d6f02885a06cafda3c9c670bd513bf/execute/sync HTTP/1.1" 200 0
2025-12-09 04:08:50,263 [DEBUG] Remote response: status=200 | data={"value":null} | headers=HTTPHeaderDict({'Content-Length': '14', 'Content-Type': 'application/json; charset=utf-8', 'cache-control': 'no-cache'})
2025-12-09 04:08:50,263 [DEBUG] Finished Request
2025-12-09 04:08:50,263 [INFO] Aguardando download (timeout=180s)...
2025-12-09 04:08:50,263 [DEBUG]   ... 0s aguardando...
2025-12-09 04:08:55,268 [DEBUG]   ... 5s aguardando...
2025-12-09 04:09:00,271 [DEBUG]   ... 10s aguardando...
2025-12-09 04:09:05,277 [DEBUG]   ... 15s aguardando...
2025-12-09 04:09:10,281 [DEBUG]   ... 20s aguardando...
2025-12-09 04:09:15,285 [DEBUG]   ... 25s aguardando...
2025-12-09 04:09:20,289 [DEBUG]   ... 30s aguardando...
2025-12-09 04:09:25,294 [DEBUG]   ... 35s aguardando...
2025-12-09 04:09:30,297 [DEBUG]   ... 40s aguardando...
2025-12-09 04:09:35,301 [DEBUG]   ... 45s aguardando...
2025-12-09 04:09:40,306 [DEBUG]   ... 50s aguardando...
2025-12-09 04:09:45,310 [DEBUG]   ... 55s aguardando...
2025-12-09 04:09:50,314 [DEBUG]   ... 60s aguardando...
2025-12-09 04:09:55,318 [DEBUG]   ... 65s aguardando...
2025-12-09 04:10:00,338 [DEBUG]   ... 70s aguardando...
2025-12-09 04:10:05,342 [DEBUG]   ... 75s aguardando...
2025-12-09 04:10:10,346 [DEBUG]   ... 80s aguardando...
2025-12-09 04:10:15,351 [DEBUG]   ... 85s aguardando...
2025-12-09 04:10:20,354 [DEBUG]   ... 90s aguardando...
2025-12-09 04:10:25,359 [DEBUG]   ... 95s aguardando...
2025-12-09 04:10:30,364 [DEBUG]   ... 100s aguardando...
2025-12-09 04:10:35,368 [DEBUG]   ... 105s aguardando...
2025-12-09 04:10:40,373 [DEBUG]   ... 110s aguardando...
2025-12-09 04:10:45,378 [DEBUG]   ... 115s aguardando...
2025-12-09 04:10:50,383 [DEBUG]   ... 120s aguardando...
2025-12-09 04:10:55,387 [DEBUG]   ... 125s aguardando...
2025-12-09 04:11:00,393 [DEBUG]   ... 130s aguardando...
2025-12-09 04:11:05,398 [DEBUG]   ... 135s aguardando...
2025-12-09 04:11:10,403 [DEBUG]   ... 140s aguardando...
2025-12-09 04:11:15,410 [DEBUG]   ... 145s aguardando...
2025-12-09 04:11:20,414 [DEBUG]   ... 150s aguardando...
2025-12-09 04:11:25,419 [DEBUG]   ... 155s aguardando...
2025-12-09 04:11:30,425 [DEBUG]   ... 160s aguardando...
2025-12-09 04:11:35,431 [DEBUG]   ... 165s aguardando...
2025-12-09 04:11:40,436 [DEBUG]   ... 170s aguardando...
2025-12-09 04:11:45,442 [DEBUG]   ... 175s aguardando...
2025-12-09 04:11:50,447 [WARNING] Timeout no download de arrecadacao. Tentando novamente...
2025-12-09 04:11:50,447 [INFO] Tentativa 3/3 para arrecadacao
2025-12-09 04:11:50,448 [DEBUG] POST http://localhost:56667/session/63d6f02885a06cafda3c9c670bd513bf/elements {'using': 'xpath', 'value': "//*[contains(text(), 'Ocorreu um erro') or contains(text(), 'Connection lost')]"}
2025-12-09 04:11:50,469 [DEBUG] http://localhost:56667 "POST /session/63d6f02885a06cafda3c9c670bd513bf/elements HTTP/1.1" 200 0
2025-12-09 04:11:50,470 [DEBUG] Remote response: status=200 | data={"value":[{"element-6066-11e4-a52e-4f735466cecf":"f.3B33201F9A21D0E22E9717E00CA7E01B.d.15441D938BF0115D4B23B31E8A8D7535.e.147"}]} | headers=HTTPHeaderDict({'Content-Length': '129', 'Content-Type': 'application/json; charset=utf-8', 'cache-control': 'no-cache'})
2025-12-09 04:11:50,470 [DEBUG] Finished Request
2025-12-09 04:11:50,471 [WARNING] Detectado modal de Erro/Conexão Perdida. Tentando recuperar...
2025-12-09 04:11:50,471 [DEBUG] POST http://localhost:56667/session/63d6f02885a06cafda3c9c670bd513bf/elements {'using': 'xpath', 'value': "//button[contains(text(), 'Atualizar') or contains(text(), 'Refresh')]"}
2025-12-09 04:11:50,481 [DEBUG] http://localhost:56667 "POST /session/63d6f02885a06cafda3c9c670bd513bf/elements HTTP/1.1" 200 0
2025-12-09 04:11:50,481 [DEBUG] Remote response: status=200 | data={"value":[{"element-6066-11e4-a52e-4f735466cecf":"f.3B33201F9A21D0E22E9717E00CA7E01B.d.15441D938BF0115D4B23B31E8A8D7535.e.148"}]} | headers=HTTPHeaderDict({'Content-Length': '129', 'Content-Type': 'application/json; charset=utf-8', 'cache-control': 'no-cache'})
2025-12-09 04:11:50,482 [DEBUG] Finished Request
2025-12-09 04:11:50,482 [DEBUG] POST http://localhost:56667/session/63d6f02885a06cafda3c9c670bd513bf/execute/sync {'script': '/* isDisplayed */return (function(){return (function(){var g=this||self;\nfunction aa(a){var b=typeof...', 'args': [{'element-6066-11e4-a52e-4f735466cecf': 'f.3B33201F9A21D0E22E9717E00CA7E01B.d.15441D938BF0115D4B23B31E8A8D7535.e.148'}]}
2025-12-09 04:11:50,490 [DEBUG] http://localhost:56667 "POST /session/63d6f02885a06cafda3c9c670bd513bf/execute/sync HTTP/1.1" 200 0
2025-12-09 04:11:50,490 [DEBUG] Remote response: status=200 | data={"value":true} | headers=HTTPHeaderDict({'Content-Length': '14', 'Content-Type': 'application/json; charset=utf-8', 'cache-control': 'no-cache'})
2025-12-09 04:11:50,491 [DEBUG] Finished Request
2025-12-09 04:11:50,491 [INFO] Clicando em 'Atualizar'...
2025-12-09 04:11:50,491 [DEBUG] POST http://localhost:56667/session/63d6f02885a06cafda3c9c670bd513bf/execute/sync {'script': 'arguments[0].click();', 'args': [{'element-6066-11e4-a52e-4f735466cecf': 'f.3B33201F9A21D0E22E9717E00CA7E01B.d.15441D938BF0115D4B23B31E8A8D7535.e.148'}]}
2025-12-09 04:11:50,515 [DEBUG] http://localhost:56667 "POST /session/63d6f02885a06cafda3c9c670bd513bf/execute/sync HTTP/1.1" 200 0
2025-12-09 04:11:50,516 [DEBUG] Remote response: status=200 | data={"value":null} | headers=HTTPHeaderDict({'Content-Length': '14', 'Content-Type': 'application/json; charset=utf-8', 'cache-control': 'no-cache'})
2025-12-09 04:11:50,516 [DEBUG] Finished Request
2025-12-09 04:11:50,516 [INFO] Aguardando recarregamento da página (15s)...
2025-12-09 04:12:05,517 [DEBUG] POST http://localhost:56667/session/63d6f02885a06cafda3c9c670bd513bf/element {'using': 'xpath', 'value': "//*[contains(text(), 'Atos, arrecadação')]"}
2025-12-09 04:12:05,533 [DEBUG] http://localhost:56667 "POST /session/63d6f02885a06cafda3c9c670bd513bf/element HTTP/1.1" 200 0
2025-12-09 04:12:05,533 [DEBUG] Remote response: status=200 | data={"value":{"element-6066-11e4-a52e-4f735466cecf":"f.3B33201F9A21D0E22E9717E00CA7E01B.d.9631D0728C8A0A85A70BFBFC12BA769F.e.171"}} | headers=HTTPHeaderDict({'Content-Length': '127', 'Content-Type': 'application/json; charset=utf-8', 'cache-control': 'no-cache'})
2025-12-09 04:12:05,533 [DEBUG] Finished Request
2025-12-09 04:12:05,534 [DEBUG] POST http://localhost:56667/session/63d6f02885a06cafda3c9c670bd513bf/execute/sync {'script': "arguments[0].scrollIntoView({behavior: 'smooth', block: 'center'});", 'args': [{'element-6066-11e4-a52e-4f735466cecf': 'f.3B33201F9A21D0E22E9717E00CA7E01B.d.9631D0728C8A0A85A70BFBFC12BA769F.e.171'}]}
2025-12-09 04:12:05,545 [DEBUG] http://localhost:56667 "POST /session/63d6f02885a06cafda3c9c670bd513bf/execute/sync HTTP/1.1" 200 0
2025-12-09 04:12:05,546 [DEBUG] Remote response: status=200 | data={"value":null} | headers=HTTPHeaderDict({'Content-Length': '14', 'Content-Type': 'application/json; charset=utf-8', 'cache-control': 'no-cache'})
2025-12-09 04:12:05,546 [DEBUG] Finished Request
2025-12-09 04:12:06,547 [DEBUG] POST http://localhost:56667/session/63d6f02885a06cafda3c9c670bd513bf/execute/sync {'script': 'arguments[0].click();', 'args': [{'element-6066-11e4-a52e-4f735466cecf': 'f.3B33201F9A21D0E22E9717E00CA7E01B.d.9631D0728C8A0A85A70BFBFC12BA769F.e.171'}]}
2025-12-09 04:12:06,553 [DEBUG] http://localhost:56667 "POST /session/63d6f02885a06cafda3c9c670bd513bf/execute/sync HTTP/1.1" 200 0
2025-12-09 04:12:06,553 [DEBUG] Remote response: status=200 | data={"value":null} | headers=HTTPHeaderDict({'Content-Length': '14', 'Content-Type': 'application/json; charset=utf-8', 'cache-control': 'no-cache'})
2025-12-09 04:12:06,553 [DEBUG] Finished Request
2025-12-09 04:12:08,554 [DEBUG] POST http://localhost:56667/session/63d6f02885a06cafda3c9c670bd513bf/elements {'using': 'xpath', 'value': "//*[contains(text(), 'Exportar dados em .csv')]"}
2025-12-09 04:12:08,566 [DEBUG] http://localhost:56667 "POST /session/63d6f02885a06cafda3c9c670bd513bf/elements HTTP/1.1" 200 0
2025-12-09 04:12:08,567 [DEBUG] Remote response: status=200 | data={"value":[{"element-6066-11e4-a52e-4f735466cecf":"f.3B33201F9A21D0E22E9717E00CA7E01B.d.9631D0728C8A0A85A70BFBFC12BA769F.e.172"},{"element-6066-11e4-a52e-4f735466cecf":"f.3B33201F9A21D0E22E9717E00CA7E01B.d.9631D0728C8A0A85A70BFBFC12BA769F.e.173"}]} | headers=HTTPHeaderDict({'Content-Length': '247', 'Content-Type': 'application/json; charset=utf-8', 'cache-control': 'no-cache'})
2025-12-09 04:12:08,567 [DEBUG] Finished Request
2025-12-09 04:12:08,567 [DEBUG] GET http://localhost:56667/session/63d6f02885a06cafda3c9c670bd513bf/element/f.3B33201F9A21D0E22E9717E00CA7E01B.d.9631D0728C8A0A85A70BFBFC12BA769F.e.172/rect {}
2025-12-09 04:12:08,577 [DEBUG] http://localhost:56667 "GET /session/63d6f02885a06cafda3c9c670bd513bf/element/f.3B33201F9A21D0E22E9717E00CA7E01B.d.9631D0728C8A0A85A70BFBFC12BA769F.e.172/rect HTTP/1.1" 200 0
2025-12-09 04:12:08,578 [DEBUG] Remote response: status=200 | data={"value":{"height":18,"width":142,"x":2359.875,"y":1193.375}} | headers=HTTPHeaderDict({'Content-Length': '61', 'Content-Type': 'application/json; charset=utf-8', 'cache-control': 'no-cache'})
2025-12-09 04:12:08,578 [DEBUG] Finished Request
2025-12-09 04:12:08,578 [DEBUG] GET http://localhost:56667/session/63d6f02885a06cafda3c9c670bd513bf/element/f.3B33201F9A21D0E22E9717E00CA7E01B.d.9631D0728C8A0A85A70BFBFC12BA769F.e.173/rect {}
2025-12-09 04:12:08,587 [DEBUG] http://localhost:56667 "GET /session/63d6f02885a06cafda3c9c670bd513bf/element/f.3B33201F9A21D0E22E9717E00CA7E01B.d.9631D0728C8A0A85A70BFBFC12BA769F.e.173/rect HTTP/1.1" 200 0
2025-12-09 04:12:08,588 [DEBUG] Remote response: status=200 | data={"value":{"height":18,"width":142,"x":2359.875,"y":453.125}} | headers=HTTPHeaderDict({'Content-Length': '60', 'Content-Type': 'application/json; charset=utf-8', 'cache-control': 'no-cache'})
2025-12-09 04:12:08,590 [DEBUG] Finished Request
2025-12-09 04:12:08,590 [DEBUG] GET http://localhost:56667/session/63d6f02885a06cafda3c9c670bd513bf/element/f.3B33201F9A21D0E22E9717E00CA7E01B.d.9631D0728C8A0A85A70BFBFC12BA769F.e.172/rect {}
2025-12-09 04:12:08,603 [DEBUG] http://localhost:56667 "GET /session/63d6f02885a06cafda3c9c670bd513bf/element/f.3B33201F9A21D0E22E9717E00CA7E01B.d.9631D0728C8A0A85A70BFBFC12BA769F.e.172/rect HTTP/1.1" 200 0
2025-12-09 04:12:08,604 [DEBUG] Remote response: status=200 | data={"value":{"height":18,"width":142,"x":2359.875,"y":1193.375}} | headers=HTTPHeaderDict({'Content-Length': '61', 'Content-Type': 'application/json; charset=utf-8', 'cache-control': 'no-cache'})
2025-12-09 04:12:08,604 [DEBUG] Finished Request
2025-12-09 04:12:08,605 [INFO] Clicando no botão (Y=1193)...
2025-12-09 04:12:08,605 [DEBUG] POST http://localhost:56667/session/63d6f02885a06cafda3c9c670bd513bf/execute/sync {'script': "arguments[0].scrollIntoView({behavior: 'smooth', block: 'center'});", 'args': [{'element-6066-11e4-a52e-4f735466cecf': 'f.3B33201F9A21D0E22E9717E00CA7E01B.d.9631D0728C8A0A85A70BFBFC12BA769F.e.172'}]}
2025-12-09 04:12:08,617 [DEBUG] http://localhost:56667 "POST /session/63d6f02885a06cafda3c9c670bd513bf/execute/sync HTTP/1.1" 200 0
2025-12-09 04:12:08,618 [DEBUG] Remote response: status=200 | data={"value":null} | headers=HTTPHeaderDict({'Content-Length': '14', 'Content-Type': 'application/json; charset=utf-8', 'cache-control': 'no-cache'})
2025-12-09 04:12:08,618 [DEBUG] Finished Request
2025-12-09 04:12:09,619 [DEBUG] POST http://localhost:56667/session/63d6f02885a06cafda3c9c670bd513bf/execute/sync {'script': 'arguments[0].click();', 'args': [{'element-6066-11e4-a52e-4f735466cecf': 'f.3B33201F9A21D0E22E9717E00CA7E01B.d.9631D0728C8A0A85A70BFBFC12BA769F.e.172'}]}
2025-12-09 04:12:09,627 [DEBUG] http://localhost:56667 "POST /session/63d6f02885a06cafda3c9c670bd513bf/execute/sync HTTP/1.1" 200 0
2025-12-09 04:12:09,627 [DEBUG] Remote response: status=200 | data={"value":null} | headers=HTTPHeaderDict({'Content-Length': '14', 'Content-Type': 'application/json; charset=utf-8', 'cache-control': 'no-cache'})
2025-12-09 04:12:09,628 [DEBUG] Finished Request
2025-12-09 04:12:09,628 [INFO] Aguardando download (timeout=180s)...
2025-12-09 04:12:09,628 [DEBUG]   ... 0s aguardando...
2025-12-09 04:12:14,632 [DEBUG]   ... 5s aguardando...
2025-12-09 04:12:19,636 [DEBUG]   ... 10s aguardando...
2025-12-09 04:12:24,641 [DEBUG]   ... 15s aguardando...
2025-12-09 04:12:29,645 [DEBUG]   ... 20s aguardando...
2025-12-09 04:12:34,648 [DEBUG]   ... 25s aguardando...
2025-12-09 04:12:39,652 [DEBUG]   ... 30s aguardando...
2025-12-09 04:12:44,657 [DEBUG]   ... 35s aguardando...
2025-12-09 04:12:49,662 [DEBUG]   ... 40s aguardando...
2025-12-09 04:12:54,668 [DEBUG]   ... 45s aguardando...
2025-12-09 04:12:59,672 [DEBUG]   ... 50s aguardando...
2025-12-09 04:13:04,683 [DEBUG]   ... 55s aguardando...
2025-12-09 04:13:09,688 [DEBUG]   ... 60s aguardando...
2025-12-09 04:13:14,693 [DEBUG]   ... 65s aguardando...
2025-12-09 04:13:19,697 [DEBUG]   ... 70s aguardando...
2025-12-09 04:13:24,700 [DEBUG]   ... 75s aguardando...
2025-12-09 04:13:29,704 [DEBUG]   ... 80s aguardando...
2025-12-09 04:13:34,708 [DEBUG]   ... 85s aguardando...
2025-12-09 04:13:39,711 [DEBUG]   ... 90s aguardando...
2025-12-09 04:13:44,716 [DEBUG]   ... 95s aguardando...
2025-12-09 04:13:49,720 [DEBUG]   ... 100s aguardando...
2025-12-09 04:13:54,724 [DEBUG]   ... 105s aguardando...
2025-12-09 04:13:59,728 [DEBUG]   ... 110s aguardando...
2025-12-09 04:14:04,732 [DEBUG]   ... 115s aguardando...
2025-12-09 04:14:09,735 [DEBUG]   ... 120s aguardando...
2025-12-09 04:14:14,738 [DEBUG]   ... 125s aguardando...
2025-12-09 04:14:19,742 [DEBUG]   ... 130s aguardando...
2025-12-09 04:14:24,746 [DEBUG]   ... 135s aguardando...
2025-12-09 04:14:29,749 [DEBUG]   ... 140s aguardando...
2025-12-09 04:14:34,753 [DEBUG]   ... 145s aguardando...
2025-12-09 04:14:39,757 [DEBUG]   ... 150s aguardando...
2025-12-09 04:14:44,761 [DEBUG]   ... 155s aguardando...
2025-12-09 04:14:49,764 [DEBUG]   ... 160s aguardando...
2025-12-09 04:14:54,775 [DEBUG]   ... 165s aguardando...
2025-12-09 04:14:59,780 [DEBUG]   ... 170s aguardando...
2025-12-09 04:15:04,784 [DEBUG]   ... 175s aguardando...
2025-12-09 04:15:09,790 [WARNING] Timeout no download de arrecadacao. Tentando novamente...
2025-12-09 04:15:09,791 [ERROR] FALHA FATAL: Não foi possível baixar arrecadacao após 3 tentativas.
2025-12-09 04:15:09,792 [DEBUG] DELETE http://localhost:56667/session/63d6f02885a06cafda3c9c670bd513bf {}
2025-12-09 04:15:09,793 [DEBUG] Resetting dropped connection: localhost
2025-12-09 04:15:13,868 [DEBUG] Incremented Retry for (url='/session/63d6f02885a06cafda3c9c670bd513bf'): Retry(total=2, connect=None, read=None, redirect=None, status=None)
2025-12-09 04:15:13,868 [WARNING] Retrying (Retry(total=2, connect=None, read=None, redirect=None, status=None)) after connection broken by 'NewConnectionError("HTTPConnection(host='localhost', port=56667): Failed to establish a new connection: [WinError 10061] Nenhuma conexão pôde ser feita porque a máquina de destino as recusou ativamente")': /session/63d6f02885a06cafda3c9c670bd513bf
2025-12-09 04:15:13,871 [DEBUG] Starting new HTTP connection (2): localhost:56667
2025-12-09 04:15:17,926 [DEBUG] Incremented Retry for (url='/session/63d6f02885a06cafda3c9c670bd513bf'): Retry(total=1, connect=None, read=None, redirect=None, status=None)
2025-12-09 04:15:17,927 [WARNING] Retrying (Retry(total=1, connect=None, read=None, redirect=None, status=None)) after connection broken by 'NewConnectionError("HTTPConnection(host='localhost', port=56667): Failed to establish a new connection: [WinError 10061] Nenhuma conexão pôde ser feita porque a máquina de destino as recusou ativamente")': /session/63d6f02885a06cafda3c9c670bd513bf
2025-12-09 04:15:17,927 [DEBUG] Starting new HTTP connection (3): localhost:56667
2025-12-09 04:15:22,022 [DEBUG] Incremented Retry for (url='/session/63d6f02885a06cafda3c9c670bd513bf'): Retry(total=0, connect=None, read=None, redirect=None, status=None)
2025-12-09 04:15:22,023 [WARNING] Retrying (Retry(total=0, connect=None, read=None, redirect=None, status=None)) after connection broken by 'NewConnectionError("HTTPConnection(host='localhost', port=56667): Failed to establish a new connection: [WinError 10061] Nenhuma conexão pôde ser feita porque a máquina de destino as recusou ativamente")': /session/63d6f02885a06cafda3c9c670bd513bf
2025-12-09 04:15:22,024 [DEBUG] Starting new HTTP connection (4): localhost:56667
